{"meta": {"format": 3, "version": "7.12.0", "timestamp": "2025-12-27T17:36:53.562928", "branch_coverage": false, "show_contexts": false}, "files": {"app.py": {"executed_lines": [], "summary": {"covered_lines": 0, "num_statements": 131, "percent_covered": 0.0, "percent_covered_display": "0", "missing_lines": 131, "excluded_lines": 2, "percent_statements_covered": 0.0, "percent_statements_covered_display": "0"}, "missing_lines": [8, 10, 12, 13, 16, 19, 35, 89, 92, 93, 95, 101, 102, 129, 130, 131, 132, 133, 142, 143, 144, 153, 154, 155, 156, 165, 166, 167, 176, 177, 180, 181, 182, 184, 185, 186, 187, 196, 198, 201, 202, 203, 204, 205, 207, 210, 212, 213, 214, 215, 216, 219, 223, 233, 234, 235, 236, 237, 238, 239, 240, 241, 243, 244, 247, 249, 250, 251, 261, 262, 263, 273, 274, 275, 286, 289, 291, 292, 293, 303, 304, 305, 315, 316, 317, 329, 330, 332, 333, 334, 345, 346, 347, 358, 359, 360, 371, 372, 380, 381, 382, 393, 395, 406, 407, 418, 420, 430, 431, 432, 435, 436, 440, 519, 524, 526, 527, 528, 529, 530, 531, 532, 533, 534, 535, 536, 539, 541, 542, 544, 545], "excluded_lines": [556, 557], "functions": {"main": {"executed_lines": [], "summary": {"covered_lines": 0, "num_statements": 43, "percent_covered": 0.0, "percent_covered_display": "0", "missing_lines": 43, "excluded_lines": 0, "percent_statements_covered": 0.0, "percent_statements_covered_display": "0"}, "missing_lines": [92, 93, 95, 101, 102, 129, 130, 131, 132, 133, 142, 143, 144, 153, 154, 155, 156, 165, 166, 167, 176, 177, 180, 181, 182, 184, 185, 186, 187, 196, 198, 201, 202, 203, 204, 205, 207, 210, 212, 213, 214, 215, 216], "excluded_lines": []}, "_render_overview": {"executed_lines": [], "summary": {"covered_lines": 0, "num_statements": 61, "percent_covered": 0.0, "percent_covered_display": "0", "missing_lines": 61, "excluded_lines": 0, "percent_statements_covered": 0.0, "percent_statements_covered_display": "0"}, "missing_lines": [223, 233, 234, 235, 236, 237, 238, 239, 240, 241, 243, 244, 247, 249, 250, 251, 261, 262, 263, 273, 274, 275, 286, 289, 291, 292, 293, 303, 304, 305, 315, 316, 317, 329, 330, 332, 333, 334, 345, 346, 347, 358, 359, 360, 371, 372, 380, 381, 382, 393, 395, 406, 407, 418, 420, 430, 431, 432, 435, 436, 440], "excluded_lines": []}, "_render_module": {"executed_lines": [], "summary": {"covered_lines": 0, "num_statements": 12, "percent_covered": 0.0, "percent_covered_display": "0", "missing_lines": 12, "excluded_lines": 0, "percent_statements_covered": 0.0, "percent_statements_covered_display": "0"}, "missing_lines": [524, 526, 527, 528, 529, 530, 531, 532, 533, 534, 535, 536], "excluded_lines": []}, "_render_placeholder": {"executed_lines": [], "summary": {"covered_lines": 0, "num_statements": 4, "percent_covered": 0.0, "percent_covered_display": "0", "missing_lines": 4, "excluded_lines": 0, "percent_statements_covered": 0.0, "percent_statements_covered_display": "0"}, "missing_lines": [541, 542, 544, 545], "excluded_lines": []}, "": {"executed_lines": [], "summary": {"covered_lines": 0, "num_statements": 11, "percent_covered": 0.0, "percent_covered_display": "0", "missing_lines": 11, "excluded_lines": 2, "percent_statements_covered": 0.0, "percent_statements_covered_display": "0"}, "missing_lines": [8, 10, 12, 13, 16, 19, 35, 89, 219, 519, 539], "excluded_lines": [556, 557]}}, "classes": {"": {"executed_lines": [], "summary": {"covered_lines": 0, "num_statements": 131, "percent_covered": 0.0, "percent_covered_display": "0", "missing_lines": 131, "excluded_lines": 2, "percent_statements_covered": 0.0, "percent_statements_covered_display": "0"}, "missing_lines": [8, 10, 12, 13, 16, 19, 35, 89, 92, 93, 95, 101, 102, 129, 130, 131, 132, 133, 142, 143, 144, 153, 154, 155, 156, 165, 166, 167, 176, 177, 180, 181, 182, 184, 185, 186, 187, 196, 198, 201, 202, 203, 204, 205, 207, 210, 212, 213, 214, 215, 216, 219, 223, 233, 234, 235, 236, 237, 238, 239, 240, 241, 243, 244, 247, 249, 250, 251, 261, 262, 263, 273, 274, 275, 286, 289, 291, 292, 293, 303, 304, 305, 315, 316, 317, 329, 330, 332, 333, 334, 345, 346, 347, 358, 359, 360, 371, 372, 380, 381, 382, 393, 395, 406, 407, 418, 420, 430, 431, 432, 435, 436, 440, 519, 524, 526, 527, 528, 529, 530, 531, 532, 533, 534, 535, 536, 539, 541, 542, 544, 545], "excluded_lines": [556, 557]}}}, "handoff_script.py": {"executed_lines": [], "summary": {"covered_lines": 0, "num_statements": 26, "percent_covered": 0.0, "percent_covered_display": "0", "missing_lines": 26, "excluded_lines": 2, "percent_statements_covered": 0.0, "percent_statements_covered_display": "0"}, "missing_lines": [1, 4, 5, 6, 8, 9, 10, 12, 19, 20, 21, 22, 23, 24, 25, 27, 28, 29, 30, 31, 33, 35, 36, 37, 38, 40], "excluded_lines": [43, 44], "functions": {"generate_handoff": {"executed_lines": [], "summary": {"covered_lines": 0, "num_statements": 24, "percent_covered": 0.0, "percent_covered_display": "0", "missing_lines": 24, "excluded_lines": 0, "percent_statements_covered": 0.0, "percent_statements_covered_display": "0"}, "missing_lines": [5, 6, 8, 9, 10, 12, 19, 20, 21, 22, 23, 24, 25, 27, 28, 29, 30, 31, 33, 35, 36, 37, 38, 40], "excluded_lines": []}, "": {"executed_lines": [], "summary": {"covered_lines": 0, "num_statements": 2, "percent_covered": 0.0, "percent_covered_display": "0", "missing_lines": 2, "excluded_lines": 2, "percent_statements_covered": 0.0, "percent_statements_covered_display": "0"}, "missing_lines": [1, 4], "excluded_lines": [43, 44]}}, "classes": {"": {"executed_lines": [], "summary": {"covered_lines": 0, "num_statements": 26, "percent_covered": 0.0, "percent_covered_display": "0", "missing_lines": 26, "excluded_lines": 2, "percent_statements_covered": 0.0, "percent_statements_covered_display": "0"}, "missing_lines": [1, 4, 5, 6, 8, 9, 10, 12, 19, 20, 21, 22, 23, 24, 25, 27, 28, 29, 30, 31, 33, 35, 36, 37, 38, 40], "excluded_lines": [43, 44]}}}, "modules/__init__.py": {"executed_lines": [0], "summary": {"covered_lines": 0, "num_statements": 0, "percent_covered": 100.0, "percent_covered_display": "100", "missing_lines": 0, "excluded_lines": 0, "percent_statements_covered": 100.0, "percent_statements_covered_display": "100"}, "missing_lines": [], "excluded_lines": [], "functions": {"": {"executed_lines": [], "summary": {"covered_lines": 0, "num_statements": 0, "percent_covered": 100.0, "percent_covered_display": "100", "missing_lines": 0, "excluded_lines": 0, "percent_statements_covered": 100.0, "percent_statements_covered_display": "100"}, "missing_lines": [], "excluded_lines": []}}, "classes": {"": {"executed_lines": [], "summary": {"covered_lines": 0, "num_statements": 0, "percent_covered": 100.0, "percent_covered_display": "100", "missing_lines": 0, "excluded_lines": 0, "percent_statements_covered": 100.0, "percent_statements_covered_display": "100"}, "missing_lines": [], "excluded_lines": []}}}, "modules/agent_logic.py": {"executed_lines": [1, 2, 3, 5, 6, 8, 9, 10, 11, 17, 18, 20, 24, 27, 29, 32, 33, 34, 36, 38, 39, 40, 44, 45, 47, 48, 49, 51, 52, 54, 56, 57, 58, 61, 64, 67, 70, 93, 96, 98, 99, 101, 103, 110, 121, 124, 127, 130, 135, 137, 138, 139, 140, 143, 144, 145, 146, 148, 149, 150, 152, 153, 154, 157, 160, 163, 166], "summary": {"covered_lines": 67, "num_statements": 74, "percent_covered": 90.54054054054055, "percent_covered_display": "91", "missing_lines": 7, "excluded_lines": 0, "percent_statements_covered": 90.54054054054055, "percent_statements_covered_display": "91"}, "missing_lines": [21, 22, 62, 125, 131, 132, 164], "excluded_lines": [], "functions": {"render": {"executed_lines": [29, 32, 33, 34, 36, 38, 39, 40, 44, 45, 47, 48, 49, 51, 52, 54, 56, 57, 58, 61, 64, 67, 70, 93, 96, 98, 99, 101, 103, 110, 121, 124, 127, 130, 135, 137, 138, 139, 140, 143, 144, 145, 146, 148, 149, 150, 152, 153, 154], "summary": {"covered_lines": 49, "num_statements": 53, "percent_covered": 92.45283018867924, "percent_covered_display": "92", "missing_lines": 4, "excluded_lines": 0, "percent_statements_covered": 92.45283018867924, "percent_statements_covered_display": "92"}, "missing_lines": [62, 125, 131, 132], "excluded_lines": []}, "_get_api_key": {"executed_lines": [160, 163, 166], "summary": {"covered_lines": 3, "num_statements": 4, "percent_covered": 75.0, "percent_covered_display": "75", "missing_lines": 1, "excluded_lines": 0, "percent_statements_covered": 75.0, "percent_statements_covered_display": "75"}, "missing_lines": [164], "excluded_lines": []}, "": {"executed_lines": [1, 2, 3, 5, 6, 8, 9, 10, 11, 17, 18, 20, 24, 27, 157], "summary": {"covered_lines": 15, "num_statements": 17, "percent_covered": 88.23529411764706, "percent_covered_display": "88", "missing_lines": 2, "excluded_lines": 0, "percent_statements_covered": 88.23529411764706, "percent_statements_covered_display": "88"}, "missing_lines": [21, 22], "excluded_lines": []}}, "classes": {"": {"executed_lines": [1, 2, 3, 5, 6, 8, 9, 10, 11, 17, 18, 20, 24, 27, 29, 32, 33, 34, 36, 38, 39, 40, 44, 45, 47, 48, 49, 51, 52, 54, 56, 57, 58, 61, 64, 67, 70, 93, 96, 98, 99, 101, 103, 110, 121, 124, 127, 130, 135, 137, 138, 139, 140, 143, 144, 145, 146, 148, 149, 150, 152, 153, 154, 157, 160, 163, 166], "summary": {"covered_lines": 67, "num_statements": 74, "percent_covered": 90.54054054054055, "percent_covered_display": "91", "missing_lines": 7, "excluded_lines": 0, "percent_statements_covered": 90.54054054054055, "percent_statements_covered_display": "91"}, "missing_lines": [21, 22, 62, 125, 131, 132, 164], "excluded_lines": []}}}, "modules/content_engine.py": {"executed_lines": [1, 8, 9, 10, 11, 13, 15, 16, 19, 20, 28, 32, 35, 36, 37, 38, 39, 40, 41, 42, 43, 44, 45, 48, 81, 90, 117, 118, 119, 120, 121, 123, 124, 125, 126, 127, 128, 132, 133, 134, 136, 139, 140, 141, 142, 146, 147, 148, 150, 151, 152, 154, 155, 156, 158, 161, 167, 169, 172, 200, 216, 217, 218, 219, 220, 223, 226, 227, 228, 229, 230, 234, 236, 237, 240, 282, 497, 508, 509, 512, 513, 516, 532, 533, 535, 540, 541, 543, 547, 548, 550, 561, 562, 565, 566, 586, 588, 596, 597, 598, 600, 601, 604, 606, 607, 609, 612, 657, 661, 663, 665, 666, 667, 669, 670, 671, 674, 675, 678, 681, 684, 685, 686, 688, 691, 693, 696, 697, 698, 699, 702, 703, 706, 711, 712, 713, 714, 715, 716], "summary": {"covered_lines": 138, "num_statements": 258, "percent_covered": 53.48837209302326, "percent_covered_display": "53", "missing_lines": 120, "excluded_lines": 0, "percent_statements_covered": 53.48837209302326, "percent_statements_covered_display": "53"}, "missing_lines": [29, 30, 164, 165, 174, 176, 177, 178, 180, 182, 184, 185, 186, 189, 191, 192, 195, 196, 197, 231, 251, 252, 253, 263, 264, 267, 269, 270, 271, 272, 276, 277, 278, 279, 300, 303, 304, 307, 308, 310, 312, 313, 320, 321, 327, 332, 333, 336, 339, 343, 348, 349, 354, 356, 362, 363, 365, 366, 368, 369, 370, 371, 376, 379, 380, 382, 383, 385, 386, 389, 390, 392, 394, 395, 398, 399, 400, 401, 402, 403, 407, 410, 411, 412, 423, 424, 425, 428, 429, 430, 431, 434, 435, 436, 439, 440, 444, 446, 447, 448, 449, 452, 453, 454, 457, 458, 466, 467, 468, 472, 477, 479, 480, 488, 490, 491, 492, 544, 545, 707], "excluded_lines": [], "functions": {"retry_with_exponential_backoff": {"executed_lines": [117, 118, 169], "summary": {"covered_lines": 3, "num_statements": 3, "percent_covered": 100.0, "percent_covered_display": "100", "missing_lines": 0, "excluded_lines": 0, "percent_statements_covered": 100.0, "percent_statements_covered_display": "100"}, "missing_lines": [], "excluded_lines": []}, "retry_with_exponential_backoff.decorator": {"executed_lines": [119, 167], "summary": {"covered_lines": 2, "num_statements": 2, "percent_covered": 100.0, "percent_covered_display": "100", "missing_lines": 0, "excluded_lines": 0, "percent_statements_covered": 100.0, "percent_statements_covered_display": "100"}, "missing_lines": [], "excluded_lines": []}, "retry_with_exponential_backoff.decorator.wrapper": {"executed_lines": [120, 121, 123, 124, 125, 126, 127, 128, 132, 133, 134, 136, 139, 140, 141, 142, 146, 147, 148, 150, 151, 152, 154, 155, 156, 158, 161], "summary": {"covered_lines": 27, "num_statements": 29, "percent_covered": 93.10344827586206, "percent_covered_display": "93", "missing_lines": 2, "excluded_lines": 0, "percent_statements_covered": 93.10344827586206, "percent_statements_covered_display": "93"}, "missing_lines": [164, 165], "excluded_lines": []}, "render": {"executed_lines": [], "summary": {"covered_lines": 0, "num_statements": 15, "percent_covered": 0.0, "percent_covered_display": "0", "missing_lines": 15, "excluded_lines": 0, "percent_statements_covered": 0.0, "percent_statements_covered_display": "0"}, "missing_lines": [174, 176, 177, 178, 180, 182, 184, 185, 186, 189, 191, 192, 195, 196, 197], "excluded_lines": []}, "_get_api_key": {"executed_lines": [216, 217, 218, 219, 220, 223, 226, 227, 228, 229, 230, 234, 236, 237], "summary": {"covered_lines": 14, "num_statements": 15, "percent_covered": 93.33333333333333, "percent_covered_display": "93", "missing_lines": 1, "excluded_lines": 0, "percent_statements_covered": 93.33333333333333, "percent_statements_covered_display": "93"}, "missing_lines": [231], "excluded_lines": []}, "_render_api_key_setup": {"executed_lines": [], "summary": {"covered_lines": 0, "num_statements": 14, "percent_covered": 0.0, "percent_covered_display": "0", "missing_lines": 14, "excluded_lines": 0, "percent_statements_covered": 0.0, "percent_statements_covered_display": "0"}, "missing_lines": [251, 252, 253, 263, 264, 267, 269, 270, 271, 272, 276, 277, 278, 279], "excluded_lines": []}, "_render_four_panel_interface": {"executed_lines": [], "summary": {"covered_lines": 0, "num_statements": 83, "percent_covered": 0.0, "percent_covered_display": "0", "missing_lines": 83, "excluded_lines": 0, "percent_statements_covered": 0.0, "percent_statements_covered_display": "0"}, "missing_lines": [300, 303, 304, 307, 308, 310, 312, 313, 320, 321, 327, 332, 333, 336, 339, 343, 348, 349, 354, 356, 362, 363, 365, 366, 368, 369, 370, 371, 376, 379, 380, 382, 383, 385, 386, 389, 390, 392, 394, 395, 398, 399, 400, 401, 402, 403, 407, 410, 411, 412, 423, 424, 425, 428, 429, 430, 431, 434, 435, 436, 439, 440, 444, 446, 447, 448, 449, 452, 453, 454, 457, 458, 466, 467, 468, 472, 477, 479, 480, 488, 490, 491, 492], "excluded_lines": []}, "_validate_template_and_tone": {"executed_lines": [508, 509, 512, 513], "summary": {"covered_lines": 4, "num_statements": 4, "percent_covered": 100.0, "percent_covered_display": "100", "missing_lines": 0, "excluded_lines": 0, "percent_statements_covered": 100.0, "percent_statements_covered_display": "100"}, "missing_lines": [], "excluded_lines": []}, "_build_prompt": {"executed_lines": [532, 533, 535, 540, 541, 543, 547, 548, 550, 561, 562], "summary": {"covered_lines": 11, "num_statements": 13, "percent_covered": 84.61538461538461, "percent_covered_display": "85", "missing_lines": 2, "excluded_lines": 0, "percent_statements_covered": 84.61538461538461, "percent_statements_covered_display": "85"}, "missing_lines": [544, 545], "excluded_lines": []}, "_call_claude_api": {"executed_lines": [586, 588, 596, 597, 598, 600, 601, 604, 606, 607, 609], "summary": {"covered_lines": 11, "num_statements": 11, "percent_covered": 100.0, "percent_covered_display": "100", "missing_lines": 0, "excluded_lines": 0, "percent_statements_covered": 100.0, "percent_statements_covered_display": "100"}, "missing_lines": [], "excluded_lines": []}, "_generate_post": {"executed_lines": [657, 661, 663, 665, 666, 667, 669, 670, 671, 674, 675, 678, 681, 684, 685, 686, 688, 691, 693, 696, 697, 698, 699, 702, 703, 706, 711, 712, 713, 714, 715, 716], "summary": {"covered_lines": 32, "num_statements": 33, "percent_covered": 96.96969696969697, "percent_covered_display": "97", "missing_lines": 1, "excluded_lines": 0, "percent_statements_covered": 96.96969696969697, "percent_statements_covered_display": "97"}, "missing_lines": [707], "excluded_lines": []}, "": {"executed_lines": [1, 8, 9, 10, 11, 13, 15, 16, 19, 20, 28, 32, 35, 36, 37, 38, 39, 40, 41, 42, 43, 44, 45, 48, 81, 90, 172, 200, 240, 282, 497, 516, 565, 566, 612], "summary": {"covered_lines": 34, "num_statements": 36, "percent_covered": 94.44444444444444, "percent_covered_display": "94", "missing_lines": 2, "excluded_lines": 0, "percent_statements_covered": 94.44444444444444, "percent_statements_covered_display": "94"}, "missing_lines": [29, 30], "excluded_lines": []}}, "classes": {"": {"executed_lines": [1, 8, 9, 10, 11, 13, 15, 16, 19, 20, 28, 32, 35, 36, 37, 38, 39, 40, 41, 42, 43, 44, 45, 48, 81, 90, 117, 118, 119, 120, 121, 123, 124, 125, 126, 127, 128, 132, 133, 134, 136, 139, 140, 141, 142, 146, 147, 148, 150, 151, 152, 154, 155, 156, 158, 161, 167, 169, 172, 200, 216, 217, 218, 219, 220, 223, 226, 227, 228, 229, 230, 234, 236, 237, 240, 282, 497, 508, 509, 512, 513, 516, 532, 533, 535, 540, 541, 543, 547, 548, 550, 561, 562, 565, 566, 586, 588, 596, 597, 598, 600, 601, 604, 606, 607, 609, 612, 657, 661, 663, 665, 666, 667, 669, 670, 671, 674, 675, 678, 681, 684, 685, 686, 688, 691, 693, 696, 697, 698, 699, 702, 703, 706, 711, 712, 713, 714, 715, 716], "summary": {"covered_lines": 138, "num_statements": 258, "percent_covered": 53.48837209302326, "percent_covered_display": "53", "missing_lines": 120, "excluded_lines": 0, "percent_statements_covered": 53.48837209302326, "percent_statements_covered_display": "53"}, "missing_lines": [29, 30, 164, 165, 174, 176, 177, 178, 180, 182, 184, 185, 186, 189, 191, 192, 195, 196, 197, 231, 251, 252, 253, 263, 264, 267, 269, 270, 271, 272, 276, 277, 278, 279, 300, 303, 304, 307, 308, 310, 312, 313, 320, 321, 327, 332, 333, 336, 339, 343, 348, 349, 354, 356, 362, 363, 365, 366, 368, 369, 370, 371, 376, 379, 380, 382, 383, 385, 386, 389, 390, 392, 394, 395, 398, 399, 400, 401, 402, 403, 407, 410, 411, 412, 423, 424, 425, 428, 429, 430, 431, 434, 435, 436, 439, 440, 444, 446, 447, 448, 449, 452, 453, 454, 457, 458, 466, 467, 468, 472, 477, 479, 480, 488, 490, 491, 492, 544, 545, 707], "excluded_lines": []}}}, "modules/data_detective.py": {"executed_lines": [1, 8, 9, 10, 11, 13, 14, 15, 16, 18, 19, 22, 23, 31, 35, 38, 39, 40, 41, 42, 45, 127, 284, 319, 372, 426, 472, 529, 540, 542, 545, 559, 560, 567, 568, 569, 571, 572, 573, 576, 588, 590, 593, 603, 604, 611, 612, 615, 616, 617, 620, 631, 634, 637, 638, 639, 640, 641, 642, 644, 649, 650, 655, 656, 657, 659, 662, 672, 675, 676, 677, 678, 680, 692, 703, 704, 705, 707, 719, 730, 731, 733, 734, 735, 736, 738, 740, 741, 743, 744, 746, 758, 768], "summary": {"covered_lines": 92, "num_statements": 311, "percent_covered": 29.581993569131832, "percent_covered_display": "30", "missing_lines": 219, "excluded_lines": 0, "percent_statements_covered": 29.581993569131832, "percent_statements_covered_display": "30"}, "missing_lines": [32, 33, 47, 48, 56, 57, 58, 59, 62, 63, 65, 71, 72, 74, 76, 77, 78, 79, 84, 85, 87, 88, 93, 103, 104, 106, 107, 109, 110, 112, 113, 115, 116, 118, 119, 120, 121, 124, 129, 132, 133, 134, 135, 136, 137, 138, 139, 140, 141, 142, 144, 147, 148, 149, 151, 154, 157, 158, 159, 160, 170, 171, 172, 173, 175, 178, 180, 182, 183, 185, 188, 191, 192, 194, 195, 196, 198, 199, 201, 203, 209, 211, 213, 214, 216, 217, 218, 222, 224, 226, 232, 235, 236, 237, 238, 243, 245, 255, 256, 257, 260, 261, 262, 263, 264, 265, 266, 267, 268, 277, 278, 279, 281, 286, 288, 289, 290, 291, 294, 301, 302, 303, 305, 308, 309, 310, 312, 313, 314, 316, 321, 324, 327, 328, 329, 331, 332, 333, 334, 335, 336, 337, 339, 342, 344, 345, 346, 347, 348, 349, 352, 353, 354, 355, 356, 358, 361, 362, 363, 364, 366, 367, 368, 369, 374, 375, 377, 378, 379, 382, 390, 391, 392, 395, 396, 406, 412, 413, 414, 415, 417, 418, 419, 421, 423, 428, 431, 435, 443, 445, 446, 447, 448, 449, 451, 458, 459, 460, 461, 462, 464, 474, 476, 477, 479, 481, 482, 489, 490, 497, 499, 501, 502, 509, 510, 517, 518, 519, 613], "excluded_lines": [], "functions": {"render": {"executed_lines": [], "summary": {"covered_lines": 0, "num_statements": 36, "percent_covered": 0.0, "percent_covered_display": "0", "missing_lines": 36, "excluded_lines": 0, "percent_statements_covered": 0.0, "percent_statements_covered_display": "0"}, "missing_lines": [47, 48, 56, 57, 58, 59, 62, 63, 65, 71, 72, 74, 76, 77, 78, 79, 84, 85, 87, 88, 93, 103, 104, 106, 107, 109, 110, 112, 113, 115, 116, 118, 119, 120, 121, 124], "excluded_lines": []}, "_render_data_profile": {"executed_lines": [], "summary": {"covered_lines": 0, "num_statements": 75, "percent_covered": 0.0, "percent_covered_display": "0", "missing_lines": 75, "excluded_lines": 0, "percent_statements_covered": 0.0, "percent_statements_covered_display": "0"}, "missing_lines": [129, 132, 133, 134, 135, 136, 137, 138, 139, 140, 141, 142, 144, 147, 148, 149, 151, 154, 157, 158, 159, 160, 170, 171, 172, 173, 175, 178, 180, 182, 183, 185, 188, 191, 192, 194, 195, 196, 198, 199, 201, 203, 209, 211, 213, 214, 216, 217, 218, 222, 224, 226, 232, 235, 236, 237, 238, 243, 245, 255, 256, 257, 260, 261, 262, 263, 264, 265, 266, 267, 268, 277, 278, 279, 281], "excluded_lines": []}, "_render_ai_insights": {"executed_lines": [], "summary": {"covered_lines": 0, "num_statements": 17, "percent_covered": 0.0, "percent_covered_display": "0", "missing_lines": 17, "excluded_lines": 0, "percent_statements_covered": 0.0, "percent_statements_covered_display": "0"}, "missing_lines": [286, 288, 289, 290, 291, 294, 301, 302, 303, 305, 308, 309, 310, 312, 313, 314, 316], "excluded_lines": []}, "_render_data_quality": {"executed_lines": [], "summary": {"covered_lines": 0, "num_statements": 34, "percent_covered": 0.0, "percent_covered_display": "0", "missing_lines": 34, "excluded_lines": 0, "percent_statements_covered": 0.0, "percent_statements_covered_display": "0"}, "missing_lines": [321, 324, 327, 328, 329, 331, 332, 333, 334, 335, 336, 337, 339, 342, 344, 345, 346, 347, 348, 349, 352, 353, 354, 355, 356, 358, 361, 362, 363, 364, 366, 367, 368, 369], "excluded_lines": []}, "_render_nlq_interface": {"executed_lines": [], "summary": {"covered_lines": 0, "num_statements": 21, "percent_covered": 0.0, "percent_covered_display": "0", "missing_lines": 21, "excluded_lines": 0, "percent_statements_covered": 0.0, "percent_statements_covered_display": "0"}, "missing_lines": [374, 375, 377, 378, 379, 382, 390, 391, 392, 395, 396, 406, 412, 413, 414, 415, 417, 418, 419, 421, 423], "excluded_lines": []}, "_render_export_section": {"executed_lines": [], "summary": {"covered_lines": 0, "num_statements": 16, "percent_covered": 0.0, "percent_covered_display": "0", "missing_lines": 16, "excluded_lines": 0, "percent_statements_covered": 0.0, "percent_statements_covered_display": "0"}, "missing_lines": [428, 431, 435, 443, 445, 446, 447, 448, 449, 451, 458, 459, 460, 461, 462, 464], "excluded_lines": []}, "_render_demo_section": {"executed_lines": [], "summary": {"covered_lines": 0, "num_statements": 17, "percent_covered": 0.0, "percent_covered_display": "0", "missing_lines": 17, "excluded_lines": 0, "percent_statements_covered": 0.0, "percent_statements_covered_display": "0"}, "missing_lines": [474, 476, 477, 479, 481, 482, 489, 490, 497, 499, 501, 502, 509, 510, 517, 518, 519], "excluded_lines": []}, "_generate_ai_insights": {"executed_lines": [540, 542, 545, 559, 560, 567, 568, 569, 571, 572, 573], "summary": {"covered_lines": 11, "num_statements": 11, "percent_covered": 100.0, "percent_covered_display": "100", "missing_lines": 0, "excluded_lines": 0, "percent_statements_covered": 100.0, "percent_statements_covered_display": "100"}, "missing_lines": [], "excluded_lines": []}, "_process_natural_language_query": {"executed_lines": [588, 590, 593, 603, 604, 611, 612, 615, 616, 617], "summary": {"covered_lines": 10, "num_statements": 11, "percent_covered": 90.9090909090909, "percent_covered_display": "91", "missing_lines": 1, "excluded_lines": 0, "percent_statements_covered": 90.9090909090909, "percent_statements_covered_display": "91"}, "missing_lines": [613], "excluded_lines": []}, "_prepare_data_summary": {"executed_lines": [631, 634, 637, 638, 639, 640, 641, 642, 644, 649, 650, 655, 656, 657, 659], "summary": {"covered_lines": 15, "num_statements": 15, "percent_covered": 100.0, "percent_covered_display": "100", "missing_lines": 0, "excluded_lines": 0, "percent_statements_covered": 100.0, "percent_statements_covered_display": "100"}, "missing_lines": [], "excluded_lines": []}, "_assess_data_quality": {"executed_lines": [672, 675, 676, 677, 678, 680, 692, 703, 704, 705, 707, 719, 730, 731, 733, 734, 735, 736, 738, 740, 741, 743, 744, 746, 758, 768], "summary": {"covered_lines": 26, "num_statements": 26, "percent_covered": 100.0, "percent_covered_display": "100", "missing_lines": 0, "excluded_lines": 0, "percent_statements_covered": 100.0, "percent_statements_covered_display": "100"}, "missing_lines": [], "excluded_lines": []}, "": {"executed_lines": [1, 8, 9, 10, 11, 13, 14, 15, 16, 18, 19, 22, 23, 31, 35, 38, 39, 40, 41, 42, 45, 127, 284, 319, 372, 426, 472, 529, 576, 620, 662], "summary": {"covered_lines": 30, "num_statements": 32, "percent_covered": 93.75, "percent_covered_display": "94", "missing_lines": 2, "excluded_lines": 0, "percent_statements_covered": 93.75, "percent_statements_covered_display": "94"}, "missing_lines": [32, 33], "excluded_lines": []}}, "classes": {"": {"executed_lines": [1, 8, 9, 10, 11, 13, 14, 15, 16, 18, 19, 22, 23, 31, 35, 38, 39, 40, 41, 42, 45, 127, 284, 319, 372, 426, 472, 529, 540, 542, 545, 559, 560, 567, 568, 569, 571, 572, 573, 576, 588, 590, 593, 603, 604, 611, 612, 615, 616, 617, 620, 631, 634, 637, 638, 639, 640, 641, 642, 644, 649, 650, 655, 656, 657, 659, 662, 672, 675, 676, 677, 678, 680, 692, 703, 704, 705, 707, 719, 730, 731, 733, 734, 735, 736, 738, 740, 741, 743, 744, 746, 758, 768], "summary": {"covered_lines": 92, "num_statements": 311, "percent_covered": 29.581993569131832, "percent_covered_display": "30", "missing_lines": 219, "excluded_lines": 0, "percent_statements_covered": 29.581993569131832, "percent_statements_covered_display": "30"}, "missing_lines": [32, 33, 47, 48, 56, 57, 58, 59, 62, 63, 65, 71, 72, 74, 76, 77, 78, 79, 84, 85, 87, 88, 93, 103, 104, 106, 107, 109, 110, 112, 113, 115, 116, 118, 119, 120, 121, 124, 129, 132, 133, 134, 135, 136, 137, 138, 139, 140, 141, 142, 144, 147, 148, 149, 151, 154, 157, 158, 159, 160, 170, 171, 172, 173, 175, 178, 180, 182, 183, 185, 188, 191, 192, 194, 195, 196, 198, 199, 201, 203, 209, 211, 213, 214, 216, 217, 218, 222, 224, 226, 232, 235, 236, 237, 238, 243, 245, 255, 256, 257, 260, 261, 262, 263, 264, 265, 266, 267, 268, 277, 278, 279, 281, 286, 288, 289, 290, 291, 294, 301, 302, 303, 305, 308, 309, 310, 312, 313, 314, 316, 321, 324, 327, 328, 329, 331, 332, 333, 334, 335, 336, 337, 339, 342, 344, 345, 346, 347, 348, 349, 352, 353, 354, 355, 356, 358, 361, 362, 363, 364, 366, 367, 368, 369, 374, 375, 377, 378, 379, 382, 390, 391, 392, 395, 396, 406, 412, 413, 414, 415, 417, 418, 419, 421, 423, 428, 431, 435, 443, 445, 446, 447, 448, 449, 451, 458, 459, 460, 461, 462, 464, 474, 476, 477, 479, 481, 482, 489, 490, 497, 499, 501, 502, 509, 510, 517, 518, 519, 613], "excluded_lines": []}}}, "modules/design_system.py": {"executed_lines": [], "summary": {"covered_lines": 0, "num_statements": 297, "percent_covered": 0.0, "percent_covered_display": "0", "missing_lines": 297, "excluded_lines": 0, "percent_statements_covered": 0.0, "percent_statements_covered_display": "0"}, "missing_lines": [8, 10, 12, 13, 15, 18, 20, 21, 27, 37, 38, 40, 41, 43, 44, 46, 47, 49, 50, 53, 55, 56, 61, 62, 64, 65, 68, 69, 71, 72, 75, 76, 78, 80, 81, 95, 96, 109, 112, 113, 116, 121, 124, 125, 126, 127, 128, 131, 132, 133, 134, 135, 138, 139, 140, 141, 142, 145, 146, 147, 148, 149, 152, 155, 161, 162, 164, 199, 202, 204, 205, 210, 211, 212, 217, 218, 220, 228, 230, 238, 240, 249, 250, 252, 264, 265, 267, 269, 270, 280, 281, 293, 294, 296, 298, 299, 309, 310, 321, 323, 324, 327, 328, 329, 331, 336, 337, 348, 349, 350, 352, 354, 355, 362, 363, 370, 371, 378, 379, 392, 393, 394, 396, 398, 399, 405, 406, 412, 413, 425, 426, 427, 429, 431, 432, 433, 435, 436, 437, 439, 440, 441, 443, 444, 445, 447, 448, 458, 459, 460, 462, 467, 469, 470, 481, 482, 483, 485, 487, 488, 496, 498, 499, 502, 503, 505, 507, 508, 509, 510, 511, 513, 514, 515, 521, 522, 524, 525, 526, 529, 531, 532, 547, 548, 549, 551, 553, 554, 556, 557, 559, 560, 562, 563, 565, 566, 579, 580, 582, 584, 585, 586, 589, 591, 592, 595, 596, 598, 599, 617, 618, 620, 621, 622, 623, 625, 626, 637, 639, 640, 643, 644, 646, 647, 648, 649, 660, 661, 673, 674, 675, 676, 677, 678, 679, 680, 681, 682, 683, 685, 686, 687, 688, 689, 690, 691, 692, 694, 695, 709, 710, 711, 713, 715, 716, 717, 719, 720, 721, 723, 724, 725, 727, 728, 745, 746, 747, 749, 750, 751, 753, 754, 755, 757, 758, 772, 773, 775, 776, 777, 779, 780, 781, 783, 784, 796, 797, 798, 800, 801, 847, 848, 850, 852, 853, 867, 868], "excluded_lines": [], "functions": {"render": {"executed_lines": [], "summary": {"covered_lines": 0, "num_statements": 13, "percent_covered": 0.0, "percent_covered_display": "0", "missing_lines": 13, "excluded_lines": 0, "percent_statements_covered": 0.0, "percent_statements_covered_display": "0"}, "missing_lines": [20, 21, 27, 37, 38, 40, 41, 43, 44, 46, 47, 49, 50], "excluded_lines": []}, "_render_colors_tab": {"executed_lines": [], "summary": {"covered_lines": 0, "num_statements": 17, "percent_covered": 0.0, "percent_covered_display": "0", "missing_lines": 17, "excluded_lines": 0, "percent_statements_covered": 0.0, "percent_statements_covered_display": "0"}, "missing_lines": [55, 56, 61, 62, 64, 65, 68, 69, 71, 72, 75, 76, 78, 80, 81, 95, 96], "excluded_lines": []}, "_render_color_palette": {"executed_lines": [], "summary": {"covered_lines": 0, "num_statements": 24, "percent_covered": 0.0, "percent_covered_display": "0", "missing_lines": 24, "excluded_lines": 0, "percent_statements_covered": 0.0, "percent_statements_covered_display": "0"}, "missing_lines": [112, 113, 116, 121, 124, 125, 126, 127, 128, 131, 132, 133, 134, 135, 138, 139, 140, 141, 142, 145, 146, 147, 148, 149], "excluded_lines": []}, "_render_color_swatch": {"executed_lines": [], "summary": {"covered_lines": 0, "num_statements": 5, "percent_covered": 0.0, "percent_covered_display": "0", "missing_lines": 5, "excluded_lines": 0, "percent_statements_covered": 0.0, "percent_statements_covered_display": "0"}, "missing_lines": [155, 161, 162, 164, 199], "excluded_lines": []}, "_render_typography_tab": {"executed_lines": [], "summary": {"covered_lines": 0, "num_statements": 29, "percent_covered": 0.0, "percent_covered_display": "0", "missing_lines": 29, "excluded_lines": 0, "percent_statements_covered": 0.0, "percent_statements_covered_display": "0"}, "missing_lines": [204, 205, 210, 211, 212, 217, 218, 220, 228, 230, 238, 240, 249, 250, 252, 264, 265, 267, 269, 270, 280, 281, 293, 294, 296, 298, 299, 309, 310], "excluded_lines": []}, "_render_components_tab": {"executed_lines": [], "summary": {"covered_lines": 0, "num_statements": 61, "percent_covered": 0.0, "percent_covered_display": "0", "missing_lines": 61, "excluded_lines": 0, "percent_statements_covered": 0.0, "percent_statements_covered_display": "0"}, "missing_lines": [323, 324, 327, 328, 329, 331, 336, 337, 348, 349, 350, 352, 354, 355, 362, 363, 370, 371, 378, 379, 392, 393, 394, 396, 398, 399, 405, 406, 412, 413, 425, 426, 427, 429, 431, 432, 433, 435, 436, 437, 439, 440, 441, 443, 444, 445, 447, 448, 458, 459, 460, 462, 467, 469, 470, 481, 482, 483, 485, 487, 488], "excluded_lines": []}, "_render_interactive_tab": {"executed_lines": [], "summary": {"covered_lines": 0, "num_statements": 56, "percent_covered": 0.0, "percent_covered_display": "0", "missing_lines": 56, "excluded_lines": 0, "percent_statements_covered": 0.0, "percent_statements_covered_display": "0"}, "missing_lines": [498, 499, 502, 503, 505, 507, 508, 509, 510, 511, 513, 514, 515, 521, 522, 524, 525, 526, 529, 531, 532, 547, 548, 549, 551, 553, 554, 556, 557, 559, 560, 562, 563, 565, 566, 579, 580, 582, 584, 585, 586, 589, 591, 592, 595, 596, 598, 599, 617, 618, 620, 621, 622, 623, 625, 626], "excluded_lines": []}, "_render_patterns_tab": {"executed_lines": [], "summary": {"covered_lines": 0, "num_statements": 79, "percent_covered": 0.0, "percent_covered_display": "0", "missing_lines": 79, "excluded_lines": 0, "percent_statements_covered": 0.0, "percent_statements_covered_display": "0"}, "missing_lines": [639, 640, 643, 644, 646, 647, 648, 649, 660, 661, 673, 674, 675, 676, 677, 678, 679, 680, 681, 682, 683, 685, 686, 687, 688, 689, 690, 691, 692, 694, 695, 709, 710, 711, 713, 715, 716, 717, 719, 720, 721, 723, 724, 725, 727, 728, 745, 746, 747, 749, 750, 751, 753, 754, 755, 757, 758, 772, 773, 775, 776, 777, 779, 780, 781, 783, 784, 796, 797, 798, 800, 801, 847, 848, 850, 852, 853, 867, 868], "excluded_lines": []}, "": {"executed_lines": [], "summary": {"covered_lines": 0, "num_statements": 13, "percent_covered": 0.0, "percent_covered_display": "0", "missing_lines": 13, "excluded_lines": 0, "percent_statements_covered": 0.0, "percent_statements_covered_display": "0"}, "missing_lines": [8, 10, 12, 13, 15, 18, 53, 109, 152, 202, 321, 496, 637], "excluded_lines": []}}, "classes": {"": {"executed_lines": [], "summary": {"covered_lines": 0, "num_statements": 297, "percent_covered": 0.0, "percent_covered_display": "0", "missing_lines": 297, "excluded_lines": 0, "percent_statements_covered": 0.0, "percent_statements_covered_display": "0"}, "missing_lines": [8, 10, 12, 13, 15, 18, 20, 21, 27, 37, 38, 40, 41, 43, 44, 46, 47, 49, 50, 53, 55, 56, 61, 62, 64, 65, 68, 69, 71, 72, 75, 76, 78, 80, 81, 95, 96, 109, 112, 113, 116, 121, 124, 125, 126, 127, 128, 131, 132, 133, 134, 135, 138, 139, 140, 141, 142, 145, 146, 147, 148, 149, 152, 155, 161, 162, 164, 199, 202, 204, 205, 210, 211, 212, 217, 218, 220, 228, 230, 238, 240, 249, 250, 252, 264, 265, 267, 269, 270, 280, 281, 293, 294, 296, 298, 299, 309, 310, 321, 323, 324, 327, 328, 329, 331, 336, 337, 348, 349, 350, 352, 354, 355, 362, 363, 370, 371, 378, 379, 392, 393, 394, 396, 398, 399, 405, 406, 412, 413, 425, 426, 427, 429, 431, 432, 433, 435, 436, 437, 439, 440, 441, 443, 444, 445, 447, 448, 458, 459, 460, 462, 467, 469, 470, 481, 482, 483, 485, 487, 488, 496, 498, 499, 502, 503, 505, 507, 508, 509, 510, 511, 513, 514, 515, 521, 522, 524, 525, 526, 529, 531, 532, 547, 548, 549, 551, 553, 554, 556, 557, 559, 560, 562, 563, 565, 566, 579, 580, 582, 584, 585, 586, 589, 591, 592, 595, 596, 598, 599, 617, 618, 620, 621, 622, 623, 625, 626, 637, 639, 640, 643, 644, 646, 647, 648, 649, 660, 661, 673, 674, 675, 676, 677, 678, 679, 680, 681, 682, 683, 685, 686, 687, 688, 689, 690, 691, 692, 694, 695, 709, 710, 711, 713, 715, 716, 717, 719, 720, 721, 723, 724, 725, 727, 728, 745, 746, 747, 749, 750, 751, 753, 754, 755, 757, 758, 772, 773, 775, 776, 777, 779, 780, 781, 783, 784, 796, 797, 798, 800, 801, 847, 848, 850, 852, 853, 867, 868], "excluded_lines": []}}}, "modules/financial_analyst.py": {"executed_lines": [], "summary": {"covered_lines": 0, "num_statements": 208, "percent_covered": 0.0, "percent_covered_display": "0", "missing_lines": 208, "excluded_lines": 0, "percent_statements_covered": 0.0, "percent_statements_covered_display": "0"}, "missing_lines": [1, 2, 4, 5, 6, 7, 9, 10, 11, 12, 15, 16, 18, 19, 20, 22, 25, 27, 30, 31, 32, 36, 37, 38, 40, 41, 43, 45, 46, 47, 48, 52, 53, 57, 58, 59, 62, 64, 65, 67, 68, 73, 74, 77, 78, 79, 80, 82, 83, 85, 87, 88, 89, 92, 94, 95, 96, 97, 98, 105, 106, 107, 109, 111, 112, 113, 116, 118, 119, 121, 122, 123, 124, 126, 127, 128, 130, 131, 132, 134, 135, 136, 137, 140, 142, 143, 144, 145, 147, 148, 149, 151, 159, 163, 164, 165, 174, 183, 191, 194, 197, 201, 202, 204, 205, 206, 209, 211, 212, 213, 215, 216, 217, 219, 222, 225, 227, 229, 230, 231, 232, 233, 235, 237, 238, 239, 240, 241, 243, 245, 246, 247, 248, 249, 251, 254, 257, 260, 261, 263, 266, 268, 270, 271, 273, 274, 278, 279, 280, 283, 284, 286, 287, 289, 292, 307, 308, 311, 313, 334, 341, 343, 344, 346, 347, 348, 349, 350, 351, 352, 353, 356, 358, 361, 362, 363, 366, 367, 368, 370, 371, 372, 374, 375, 376, 378, 379, 380, 383, 384, 385, 386, 387, 389, 397, 401, 402, 403, 404, 405, 406, 408, 409, 410, 411, 412, 413, 415], "excluded_lines": [], "functions": {"render": {"executed_lines": [], "summary": {"covered_lines": 0, "num_statements": 19, "percent_covered": 0.0, "percent_covered_display": "0", "missing_lines": 19, "excluded_lines": 0, "percent_statements_covered": 0.0, "percent_statements_covered_display": "0"}, "missing_lines": [27, 30, 31, 32, 36, 37, 38, 40, 41, 43, 45, 46, 47, 48, 52, 53, 57, 58, 59], "excluded_lines": []}, "_fetch_and_display_data": {"executed_lines": [], "summary": {"covered_lines": 0, "num_statements": 16, "percent_covered": 0.0, "percent_covered_display": "0", "missing_lines": 16, "excluded_lines": 0, "percent_statements_covered": 0.0, "percent_statements_covered_display": "0"}, "missing_lines": [64, 65, 67, 68, 73, 74, 77, 78, 79, 80, 82, 83, 85, 87, 88, 89], "excluded_lines": []}, "_display_header": {"executed_lines": [], "summary": {"covered_lines": 0, "num_statements": 12, "percent_covered": 0.0, "percent_covered_display": "0", "missing_lines": 12, "excluded_lines": 0, "percent_statements_covered": 0.0, "percent_statements_covered_display": "0"}, "missing_lines": [94, 95, 96, 97, 98, 105, 106, 107, 109, 111, 112, 113], "excluded_lines": []}, "_display_key_metrics": {"executed_lines": [], "summary": {"covered_lines": 0, "num_statements": 16, "percent_covered": 0.0, "percent_covered_display": "0", "missing_lines": 16, "excluded_lines": 0, "percent_statements_covered": 0.0, "percent_statements_covered_display": "0"}, "missing_lines": [118, 119, 121, 122, 123, 124, 126, 127, 128, 130, 131, 132, 134, 135, 136, 137], "excluded_lines": []}, "_display_performance_charts": {"executed_lines": [], "summary": {"covered_lines": 0, "num_statements": 16, "percent_covered": 0.0, "percent_covered_display": "0", "missing_lines": 16, "excluded_lines": 0, "percent_statements_covered": 0.0, "percent_statements_covered_display": "0"}, "missing_lines": [142, 143, 144, 145, 147, 148, 149, 151, 159, 163, 164, 165, 174, 183, 191, 194], "excluded_lines": []}, "_display_profitability_ratios": {"executed_lines": [], "summary": {"covered_lines": 0, "num_statements": 14, "percent_covered": 0.0, "percent_covered_display": "0", "missing_lines": 14, "excluded_lines": 0, "percent_statements_covered": 0.0, "percent_statements_covered_display": "0"}, "missing_lines": [201, 202, 204, 205, 206, 209, 211, 212, 213, 215, 216, 217, 219, 222], "excluded_lines": []}, "_display_financial_tabs": {"executed_lines": [], "summary": {"covered_lines": 0, "num_statements": 19, "percent_covered": 0.0, "percent_covered_display": "0", "missing_lines": 19, "excluded_lines": 0, "percent_statements_covered": 0.0, "percent_statements_covered_display": "0"}, "missing_lines": [227, 229, 230, 231, 232, 233, 235, 237, 238, 239, 240, 241, 243, 245, 246, 247, 248, 249, 251], "excluded_lines": []}, "_get_api_key": {"executed_lines": [], "summary": {"covered_lines": 0, "num_statements": 4, "percent_covered": 0.0, "percent_covered_display": "0", "missing_lines": 4, "excluded_lines": 0, "percent_statements_covered": 0.0, "percent_statements_covered_display": "0"}, "missing_lines": [257, 260, 261, 263], "excluded_lines": []}, "_display_ai_insights": {"executed_lines": [], "summary": {"covered_lines": 0, "num_statements": 13, "percent_covered": 0.0, "percent_covered_display": "0", "missing_lines": 13, "excluded_lines": 0, "percent_statements_covered": 0.0, "percent_statements_covered_display": "0"}, "missing_lines": [268, 270, 271, 273, 274, 278, 279, 280, 283, 284, 286, 287, 289], "excluded_lines": []}, "_generate_financial_insights": {"executed_lines": [], "summary": {"covered_lines": 0, "num_statements": 16, "percent_covered": 0.0, "percent_covered_display": "0", "missing_lines": 16, "excluded_lines": 0, "percent_statements_covered": 0.0, "percent_statements_covered_display": "0"}, "missing_lines": [307, 308, 311, 313, 334, 341, 343, 344, 346, 347, 348, 349, 350, 351, 352, 353], "excluded_lines": []}, "_build_financial_summary": {"executed_lines": [], "summary": {"covered_lines": 0, "num_statements": 36, "percent_covered": 0.0, "percent_covered_display": "0", "missing_lines": 36, "excluded_lines": 0, "percent_statements_covered": 0.0, "percent_statements_covered_display": "0"}, "missing_lines": [358, 361, 362, 363, 366, 367, 368, 370, 371, 372, 374, 375, 376, 378, 379, 380, 383, 384, 385, 386, 387, 389, 397, 401, 402, 403, 404, 405, 406, 408, 409, 410, 411, 412, 413, 415], "excluded_lines": []}, "": {"executed_lines": [], "summary": {"covered_lines": 0, "num_statements": 27, "percent_covered": 0.0, "percent_covered_display": "0", "missing_lines": 27, "excluded_lines": 0, "percent_statements_covered": 0.0, "percent_statements_covered_display": "0"}, "missing_lines": [1, 2, 4, 5, 6, 7, 9, 10, 11, 12, 15, 16, 18, 19, 20, 22, 25, 62, 92, 116, 140, 197, 225, 254, 266, 292, 356], "excluded_lines": []}}, "classes": {"": {"executed_lines": [], "summary": {"covered_lines": 0, "num_statements": 208, "percent_covered": 0.0, "percent_covered_display": "0", "missing_lines": 208, "excluded_lines": 0, "percent_statements_covered": 0.0, "percent_statements_covered_display": "0"}, "missing_lines": [1, 2, 4, 5, 6, 7, 9, 10, 11, 12, 15, 16, 18, 19, 20, 22, 25, 27, 30, 31, 32, 36, 37, 38, 40, 41, 43, 45, 46, 47, 48, 52, 53, 57, 58, 59, 62, 64, 65, 67, 68, 73, 74, 77, 78, 79, 80, 82, 83, 85, 87, 88, 89, 92, 94, 95, 96, 97, 98, 105, 106, 107, 109, 111, 112, 113, 116, 118, 119, 121, 122, 123, 124, 126, 127, 128, 130, 131, 132, 134, 135, 136, 137, 140, 142, 143, 144, 145, 147, 148, 149, 151, 159, 163, 164, 165, 174, 183, 191, 194, 197, 201, 202, 204, 205, 206, 209, 211, 212, 213, 215, 216, 217, 219, 222, 225, 227, 229, 230, 231, 232, 233, 235, 237, 238, 239, 240, 241, 243, 245, 246, 247, 248, 249, 251, 254, 257, 260, 261, 263, 266, 268, 270, 271, 273, 274, 278, 279, 280, 283, 284, 286, 287, 289, 292, 307, 308, 311, 313, 334, 341, 343, 344, 346, 347, 348, 349, 350, 351, 352, 353, 356, 358, 361, 362, 363, 366, 367, 368, 370, 371, 372, 374, 375, 376, 378, 379, 380, 383, 384, 385, 386, 387, 389, 397, 401, 402, 403, 404, 405, 406, 408, 409, 410, 411, 412, 413, 415], "excluded_lines": []}}}, "modules/margin_hunter.py": {"executed_lines": [], "summary": {"covered_lines": 0, "num_statements": 103, "percent_covered": 0.0, "percent_covered_display": "0", "missing_lines": 103, "excluded_lines": 0, "percent_statements_covered": 0.0, "percent_statements_covered_display": "0"}, "missing_lines": [1, 2, 3, 4, 6, 7, 9, 12, 14, 16, 18, 20, 21, 23, 24, 27, 31, 32, 36, 37, 40, 44, 45, 46, 52, 53, 56, 58, 59, 61, 63, 66, 67, 69, 70, 73, 74, 78, 79, 85, 86, 104, 105, 106, 107, 108, 111, 129, 132, 133, 134, 139, 140, 141, 142, 144, 145, 146, 151, 152, 153, 154, 157, 158, 159, 160, 163, 171, 182, 185, 197, 207, 208, 214, 216, 217, 225, 235, 243, 252, 262, 270, 273, 275, 276, 280, 281, 282, 286, 292, 302, 309, 312, 323, 324, 344, 346, 347, 348, 349, 351, 353, 354], "excluded_lines": [], "functions": {"render": {"executed_lines": [], "summary": {"covered_lines": 0, "num_statements": 38, "percent_covered": 0.0, "percent_covered_display": "0", "missing_lines": 38, "excluded_lines": 0, "percent_statements_covered": 0.0, "percent_statements_covered_display": "0"}, "missing_lines": [14, 16, 18, 20, 21, 23, 24, 27, 31, 32, 36, 37, 40, 44, 45, 46, 52, 53, 56, 58, 59, 61, 63, 66, 67, 69, 70, 73, 74, 78, 79, 85, 86, 104, 105, 106, 107, 108], "excluded_lines": []}, "_render_results": {"executed_lines": [], "summary": {"covered_lines": 0, "num_statements": 23, "percent_covered": 0.0, "percent_covered_display": "0", "missing_lines": 23, "excluded_lines": 0, "percent_statements_covered": 0.0, "percent_statements_covered_display": "0"}, "missing_lines": [129, 132, 133, 134, 139, 140, 141, 142, 144, 145, 146, 151, 152, 153, 154, 157, 158, 159, 160, 163, 171, 182, 185], "excluded_lines": []}, "_render_cvp_chart": {"executed_lines": [], "summary": {"covered_lines": 0, "num_statements": 11, "percent_covered": 0.0, "percent_covered_display": "0", "missing_lines": 11, "excluded_lines": 0, "percent_statements_covered": 0.0, "percent_statements_covered_display": "0"}, "missing_lines": [207, 208, 214, 216, 217, 225, 235, 243, 252, 262, 270], "excluded_lines": []}, "_render_sensitivity_heatmap": {"executed_lines": [], "summary": {"covered_lines": 0, "num_statements": 9, "percent_covered": 0.0, "percent_covered_display": "0", "missing_lines": 9, "excluded_lines": 0, "percent_statements_covered": 0.0, "percent_statements_covered_display": "0"}, "missing_lines": [275, 276, 280, 281, 282, 286, 292, 302, 309], "excluded_lines": []}, "_render_scenario_table": {"executed_lines": [], "summary": {"covered_lines": 0, "num_statements": 10, "percent_covered": 0.0, "percent_covered_display": "0", "missing_lines": 10, "excluded_lines": 0, "percent_statements_covered": 0.0, "percent_statements_covered_display": "0"}, "missing_lines": [323, 324, 344, 346, 347, 348, 349, 351, 353, 354], "excluded_lines": []}, "": {"executed_lines": [], "summary": {"covered_lines": 0, "num_statements": 12, "percent_covered": 0.0, "percent_covered_display": "0", "missing_lines": 12, "excluded_lines": 0, "percent_statements_covered": 0.0, "percent_statements_covered_display": "0"}, "missing_lines": [1, 2, 3, 4, 6, 7, 9, 12, 111, 197, 273, 312], "excluded_lines": []}}, "classes": {"": {"executed_lines": [], "summary": {"covered_lines": 0, "num_statements": 103, "percent_covered": 0.0, "percent_covered_display": "0", "missing_lines": 103, "excluded_lines": 0, "percent_statements_covered": 0.0, "percent_statements_covered_display": "0"}, "missing_lines": [1, 2, 3, 4, 6, 7, 9, 12, 14, 16, 18, 20, 21, 23, 24, 27, 31, 32, 36, 37, 40, 44, 45, 46, 52, 53, 56, 58, 59, 61, 63, 66, 67, 69, 70, 73, 74, 78, 79, 85, 86, 104, 105, 106, 107, 108, 111, 129, 132, 133, 134, 139, 140, 141, 142, 144, 145, 146, 151, 152, 153, 154, 157, 158, 159, 160, 163, 171, 182, 185, 197, 207, 208, 214, 216, 217, 225, 235, 243, 252, 262, 270, 273, 275, 276, 280, 281, 282, 286, 292, 302, 309, 312, 323, 324, 344, 346, 347, 348, 349, 351, 353, 354], "excluded_lines": []}}}, "modules/market_pulse.py": {"executed_lines": [], "summary": {"covered_lines": 0, "num_statements": 156, "percent_covered": 0.0, "percent_covered_display": "0", "missing_lines": 156, "excluded_lines": 0, "percent_statements_covered": 0.0, "percent_statements_covered_display": "0"}, "missing_lines": [8, 9, 10, 11, 13, 14, 15, 16, 19, 22, 31, 34, 35, 36, 37, 40, 42, 43, 44, 47, 48, 49, 52, 54, 55, 59, 62, 65, 68, 71, 72, 74, 76, 77, 78, 79, 84, 85, 86, 87, 89, 90, 91, 93, 94, 95, 96, 97, 100, 108, 109, 110, 111, 112, 114, 119, 120, 121, 124, 132, 133, 134, 135, 136, 139, 142, 145, 146, 148, 150, 152, 153, 154, 155, 156, 157, 159, 160, 162, 164, 165, 166, 168, 169, 170, 173, 174, 175, 176, 177, 179, 180, 181, 184, 199, 200, 203, 204, 205, 206, 207, 208, 209, 210, 211, 213, 214, 217, 218, 219, 220, 221, 225, 226, 228, 229, 230, 234, 235, 238, 241, 242, 243, 244, 245, 246, 248, 249, 251, 253, 256, 269, 271, 274, 277, 279, 280, 281, 283, 284, 287, 305, 308, 318, 331, 343, 353, 364, 369, 370, 373, 378, 390, 394, 401, 409], "excluded_lines": [], "functions": {"render": {"executed_lines": [], "summary": {"covered_lines": 0, "num_statements": 38, "percent_covered": 0.0, "percent_covered_display": "0", "missing_lines": 38, "excluded_lines": 0, "percent_statements_covered": 0.0, "percent_statements_covered_display": "0"}, "missing_lines": [31, 34, 35, 36, 37, 40, 42, 43, 44, 47, 48, 49, 52, 54, 55, 59, 62, 65, 68, 71, 72, 74, 76, 77, 78, 79, 84, 85, 86, 87, 89, 90, 91, 93, 94, 95, 96, 97], "excluded_lines": []}, "_display_metrics": {"executed_lines": [], "summary": {"covered_lines": 0, "num_statements": 9, "percent_covered": 0.0, "percent_covered_display": "0", "missing_lines": 9, "excluded_lines": 0, "percent_statements_covered": 0.0, "percent_statements_covered_display": "0"}, "missing_lines": [108, 109, 110, 111, 112, 114, 119, 120, 121], "excluded_lines": []}, "_display_predictive_indicators": {"executed_lines": [], "summary": {"covered_lines": 0, "num_statements": 34, "percent_covered": 0.0, "percent_covered_display": "0", "missing_lines": 34, "excluded_lines": 0, "percent_statements_covered": 0.0, "percent_statements_covered_display": "0"}, "missing_lines": [132, 133, 134, 135, 136, 139, 142, 145, 146, 148, 150, 152, 153, 154, 155, 156, 157, 159, 160, 162, 164, 165, 166, 168, 169, 170, 173, 174, 175, 176, 177, 179, 180, 181], "excluded_lines": []}, "_predict_trend": {"executed_lines": [], "summary": {"covered_lines": 0, "num_statements": 36, "percent_covered": 0.0, "percent_covered_display": "0", "missing_lines": 36, "excluded_lines": 0, "percent_statements_covered": 0.0, "percent_statements_covered_display": "0"}, "missing_lines": [199, 200, 203, 204, 205, 206, 207, 208, 209, 210, 211, 213, 214, 217, 218, 219, 220, 221, 225, 226, 228, 229, 230, 234, 235, 238, 241, 242, 243, 244, 245, 246, 248, 249, 251, 253], "excluded_lines": []}, "_calculate_support_resistance": {"executed_lines": [], "summary": {"covered_lines": 0, "num_statements": 9, "percent_covered": 0.0, "percent_covered_display": "0", "missing_lines": 9, "excluded_lines": 0, "percent_statements_covered": 0.0, "percent_statements_covered_display": "0"}, "missing_lines": [269, 271, 274, 277, 279, 280, 281, 283, 284], "excluded_lines": []}, "_create_technical_chart": {"executed_lines": [], "summary": {"covered_lines": 0, "num_statements": 15, "percent_covered": 0.0, "percent_covered_display": "0", "missing_lines": 15, "excluded_lines": 0, "percent_statements_covered": 0.0, "percent_statements_covered_display": "0"}, "missing_lines": [305, 308, 318, 331, 343, 353, 364, 369, 370, 373, 378, 390, 394, 401, 409], "excluded_lines": []}, "": {"executed_lines": [], "summary": {"covered_lines": 0, "num_statements": 15, "percent_covered": 0.0, "percent_covered_display": "0", "missing_lines": 15, "excluded_lines": 0, "percent_statements_covered": 0.0, "percent_statements_covered_display": "0"}, "missing_lines": [8, 9, 10, 11, 13, 14, 15, 16, 19, 22, 100, 124, 184, 256, 287], "excluded_lines": []}}, "classes": {"": {"executed_lines": [], "summary": {"covered_lines": 0, "num_statements": 156, "percent_covered": 0.0, "percent_covered_display": "0", "missing_lines": 156, "excluded_lines": 0, "percent_statements_covered": 0.0, "percent_statements_covered_display": "0"}, "missing_lines": [8, 9, 10, 11, 13, 14, 15, 16, 19, 22, 31, 34, 35, 36, 37, 40, 42, 43, 44, 47, 48, 49, 52, 54, 55, 59, 62, 65, 68, 71, 72, 74, 76, 77, 78, 79, 84, 85, 86, 87, 89, 90, 91, 93, 94, 95, 96, 97, 100, 108, 109, 110, 111, 112, 114, 119, 120, 121, 124, 132, 133, 134, 135, 136, 139, 142, 145, 146, 148, 150, 152, 153, 154, 155, 156, 157, 159, 160, 162, 164, 165, 166, 168, 169, 170, 173, 174, 175, 176, 177, 179, 180, 181, 184, 199, 200, 203, 204, 205, 206, 207, 208, 209, 210, 211, 213, 214, 217, 218, 219, 220, 221, 225, 226, 228, 229, 230, 234, 235, 238, 241, 242, 243, 244, 245, 246, 248, 249, 251, 253, 256, 269, 271, 274, 277, 279, 280, 281, 283, 284, 287, 305, 308, 318, 331, 343, 353, 364, 369, 370, 373, 378, 390, 394, 401, 409], "excluded_lines": []}}}, "modules/marketing_analytics.py": {"executed_lines": [1, 8, 9, 10, 12, 13, 14, 15, 16, 17, 18, 20, 21, 23, 26, 27, 28, 37, 70, 278, 526, 660, 785, 805, 941, 1119, 1143, 1214, 1285, 1350, 1364, 1391, 1444, 1468, 1503, 1531, 1552, 1572, 1644, 1684, 1701, 1714, 1722, 1732, 1765], "summary": {"covered_lines": 44, "num_statements": 597, "percent_covered": 7.370184254606365, "percent_covered_display": "7", "missing_lines": 553, "excluded_lines": 0, "percent_statements_covered": 7.370184254606365, "percent_statements_covered_display": "7"}, "missing_lines": [40, 51, 52, 54, 55, 57, 58, 60, 61, 63, 64, 66, 67, 72, 74, 75, 76, 77, 80, 81, 84, 85, 86, 91, 92, 93, 96, 98, 103, 104, 106, 107, 110, 112, 115, 118, 120, 121, 122, 127, 128, 133, 134, 137, 138, 144, 147, 150, 162, 166, 168, 170, 171, 180, 189, 195, 197, 199, 200, 210, 216, 219, 221, 231, 247, 253, 256, 257, 258, 261, 264, 267, 275, 280, 281, 291, 298, 303, 304, 305, 310, 311, 315, 318, 321, 322, 324, 325, 330, 331, 336, 337, 342, 343, 348, 349, 355, 358, 360, 362, 364, 366, 368, 379, 385, 387, 389, 402, 408, 411, 412, 413, 420, 424, 426, 428, 429, 431, 432, 442, 448, 450, 452, 454, 470, 476, 478, 481, 483, 484, 485, 486, 487, 488, 489, 490, 491, 492, 493, 495, 498, 499, 501, 503, 516, 523, 528, 529, 531, 533, 534, 536, 544, 552, 560, 568, 570, 571, 574, 579, 580, 581, 584, 585, 586, 587, 588, 589, 590, 593, 594, 595, 596, 598, 600, 603, 604, 606, 608, 609, 617, 618, 623, 624, 626, 628, 629, 631, 632, 633, 634, 635, 637, 650, 657, 662, 665, 667, 669, 670, 674, 675, 679, 680, 684, 686, 688, 691, 693, 695, 696, 698, 702, 710, 718, 729, 730, 733, 734, 736, 737, 738, 739, 740, 743, 745, 748, 749, 750, 751, 753, 755, 758, 760, 762, 775, 782, 787, 788, 791, 797, 799, 800, 802, 807, 809, 810, 812, 816, 820, 822, 824, 825, 827, 831, 835, 837, 839, 842, 843, 847, 849, 850, 851, 857, 858, 860, 861, 862, 865, 867, 868, 869, 874, 879, 885, 906, 913, 916, 918, 922, 923, 929, 935, 943, 944, 947, 950, 951, 953, 955, 957, 958, 959, 960, 962, 971, 980, 981, 983, 992, 995, 997, 999, 1002, 1004, 1005, 1007, 1008, 1010, 1011, 1012, 1015, 1017, 1018, 1025, 1026, 1032, 1033, 1034, 1035, 1036, 1045, 1053, 1054, 1055, 1058, 1064, 1067, 1084, 1091, 1094, 1095, 1106, 1109, 1113, 1116, 1122, 1123, 1126, 1129, 1132, 1134, 1145, 1146, 1149, 1155, 1158, 1160, 1162, 1164, 1167, 1169, 1171, 1173, 1175, 1184, 1186, 1188, 1189, 1190, 1191, 1194, 1195, 1198, 1200, 1211, 1216, 1219, 1230, 1231, 1232, 1235, 1236, 1238, 1241, 1243, 1245, 1248, 1250, 1251, 1253, 1254, 1255, 1257, 1258, 1259, 1266, 1267, 1269, 1270, 1271, 1273, 1274, 1287, 1288, 1294, 1295, 1298, 1299, 1300, 1302, 1303, 1305, 1306, 1308, 1309, 1311, 1312, 1314, 1315, 1316, 1317, 1320, 1323, 1324, 1327, 1328, 1333, 1335, 1336, 1340, 1344, 1345, 1347, 1352, 1361, 1366, 1367, 1369, 1370, 1371, 1373, 1376, 1377, 1379, 1393, 1395, 1396, 1398, 1399, 1401, 1403, 1404, 1417, 1419, 1420, 1421, 1423, 1424, 1425, 1428, 1429, 1431, 1446, 1447, 1450, 1451, 1454, 1455, 1457, 1477, 1478, 1481, 1484, 1485, 1486, 1489, 1490, 1493, 1495, 1511, 1512, 1515, 1516, 1518, 1520, 1524, 1526, 1528, 1533, 1534, 1536, 1537, 1538, 1539, 1540, 1541, 1542, 1545, 1546, 1548, 1549, 1554, 1574, 1576, 1578, 1579, 1581, 1583, 1584, 1586, 1588, 1589, 1590, 1591, 1593, 1595, 1596, 1597, 1599, 1600, 1601, 1602, 1604, 1606, 1607, 1609, 1611, 1612, 1613, 1615, 1616, 1617, 1618, 1621, 1622, 1623, 1624, 1627, 1630, 1633, 1634, 1635, 1638, 1639, 1641, 1646, 1647, 1648, 1649, 1661, 1662, 1673, 1686, 1687, 1703, 1716, 1717, 1724, 1734, 1767, 1768], "excluded_lines": [], "functions": {"render": {"executed_lines": [], "summary": {"covered_lines": 0, "num_statements": 13, "percent_covered": 0.0, "percent_covered_display": "0", "missing_lines": 13, "excluded_lines": 0, "percent_statements_covered": 0.0, "percent_statements_covered_display": "0"}, "missing_lines": [40, 51, 52, 54, 55, 57, 58, 60, 61, 63, 64, 66, 67], "excluded_lines": []}, "_render_campaign_dashboard": {"executed_lines": [], "summary": {"covered_lines": 0, "num_statements": 60, "percent_covered": 0.0, "percent_covered_display": "0", "missing_lines": 60, "excluded_lines": 0, "percent_statements_covered": 0.0, "percent_statements_covered_display": "0"}, "missing_lines": [72, 74, 75, 76, 77, 80, 81, 84, 85, 86, 91, 92, 93, 96, 98, 103, 104, 106, 107, 110, 112, 115, 118, 120, 121, 122, 127, 128, 133, 134, 137, 138, 144, 147, 150, 162, 166, 168, 170, 171, 180, 189, 195, 197, 199, 200, 210, 216, 219, 221, 231, 247, 253, 256, 257, 258, 261, 264, 267, 275], "excluded_lines": []}, "_render_social_media_dashboard": {"executed_lines": [], "summary": {"covered_lines": 0, "num_statements": 73, "percent_covered": 0.0, "percent_covered_display": "0", "missing_lines": 73, "excluded_lines": 0, "percent_statements_covered": 0.0, "percent_statements_covered_display": "0"}, "missing_lines": [280, 281, 291, 298, 303, 304, 305, 310, 311, 315, 318, 321, 322, 324, 325, 330, 331, 336, 337, 342, 343, 348, 349, 355, 358, 360, 362, 364, 366, 368, 379, 385, 387, 389, 402, 408, 411, 412, 413, 420, 424, 426, 428, 429, 431, 432, 442, 448, 450, 452, 454, 470, 476, 478, 481, 483, 484, 485, 486, 487, 488, 489, 490, 491, 492, 493, 495, 498, 499, 501, 503, 516, 523], "excluded_lines": []}, "_render_roi_calculator": {"executed_lines": [], "summary": {"covered_lines": 0, "num_statements": 49, "percent_covered": 0.0, "percent_covered_display": "0", "missing_lines": 49, "excluded_lines": 0, "percent_statements_covered": 0.0, "percent_statements_covered_display": "0"}, "missing_lines": [528, 529, 531, 533, 534, 536, 544, 552, 560, 568, 570, 571, 574, 579, 580, 581, 584, 585, 586, 587, 588, 589, 590, 593, 594, 595, 596, 598, 600, 603, 604, 606, 608, 609, 617, 618, 623, 624, 626, 628, 629, 631, 632, 633, 634, 635, 637, 650, 657], "excluded_lines": []}, "_render_customer_metrics": {"executed_lines": [], "summary": {"covered_lines": 0, "num_statements": 42, "percent_covered": 0.0, "percent_covered_display": "0", "missing_lines": 42, "excluded_lines": 0, "percent_statements_covered": 0.0, "percent_statements_covered_display": "0"}, "missing_lines": [662, 665, 667, 669, 670, 674, 675, 679, 680, 684, 686, 688, 691, 693, 695, 696, 698, 702, 710, 718, 729, 730, 733, 734, 736, 737, 738, 739, 740, 743, 745, 748, 749, 750, 751, 753, 755, 758, 760, 762, 775, 782], "excluded_lines": []}, "_render_ab_testing": {"executed_lines": [], "summary": {"covered_lines": 0, "num_statements": 7, "percent_covered": 0.0, "percent_covered_display": "0", "missing_lines": 7, "excluded_lines": 0, "percent_statements_covered": 0.0, "percent_statements_covered_display": "0"}, "missing_lines": [787, 788, 791, 797, 799, 800, 802], "excluded_lines": []}, "_render_ab_test": {"executed_lines": [], "summary": {"covered_lines": 0, "num_statements": 40, "percent_covered": 0.0, "percent_covered_display": "0", "missing_lines": 40, "excluded_lines": 0, "percent_statements_covered": 0.0, "percent_statements_covered_display": "0"}, "missing_lines": [807, 809, 810, 812, 816, 820, 822, 824, 825, 827, 831, 835, 837, 839, 842, 843, 847, 849, 850, 851, 857, 858, 860, 861, 862, 865, 867, 868, 869, 874, 879, 885, 906, 913, 916, 918, 922, 923, 929, 935], "excluded_lines": []}, "_render_multivariant_test": {"executed_lines": [], "summary": {"covered_lines": 0, "num_statements": 53, "percent_covered": 0.0, "percent_covered_display": "0", "missing_lines": 53, "excluded_lines": 0, "percent_statements_covered": 0.0, "percent_statements_covered_display": "0"}, "missing_lines": [943, 944, 947, 950, 951, 953, 955, 957, 958, 959, 960, 962, 971, 980, 981, 983, 992, 995, 997, 999, 1002, 1004, 1005, 1007, 1008, 1010, 1011, 1012, 1015, 1017, 1018, 1025, 1026, 1032, 1033, 1034, 1035, 1036, 1045, 1053, 1054, 1055, 1058, 1064, 1067, 1084, 1091, 1094, 1095, 1106, 1109, 1113, 1116], "excluded_lines": []}, "_calculate_multivariant_significance": {"executed_lines": [], "summary": {"covered_lines": 0, "num_statements": 6, "percent_covered": 0.0, "percent_covered_display": "0", "missing_lines": 6, "excluded_lines": 0, "percent_statements_covered": 0.0, "percent_statements_covered_display": "0"}, "missing_lines": [1122, 1123, 1126, 1129, 1132, 1134], "excluded_lines": []}, "_render_attribution_modeling": {"executed_lines": [], "summary": {"covered_lines": 0, "num_statements": 24, "percent_covered": 0.0, "percent_covered_display": "0", "missing_lines": 24, "excluded_lines": 0, "percent_statements_covered": 0.0, "percent_statements_covered_display": "0"}, "missing_lines": [1145, 1146, 1149, 1155, 1158, 1160, 1162, 1164, 1167, 1169, 1171, 1173, 1175, 1184, 1186, 1188, 1189, 1190, 1191, 1194, 1195, 1198, 1200, 1211], "excluded_lines": []}, "_render_reports": {"executed_lines": [], "summary": {"covered_lines": 0, "num_statements": 27, "percent_covered": 0.0, "percent_covered_display": "0", "missing_lines": 27, "excluded_lines": 0, "percent_statements_covered": 0.0, "percent_statements_covered_display": "0"}, "missing_lines": [1216, 1219, 1230, 1231, 1232, 1235, 1236, 1238, 1241, 1243, 1245, 1248, 1250, 1251, 1253, 1254, 1255, 1257, 1258, 1259, 1266, 1267, 1269, 1270, 1271, 1273, 1274], "excluded_lines": []}, "_get_campaign_data_source": {"executed_lines": [], "summary": {"covered_lines": 0, "num_statements": 31, "percent_covered": 0.0, "percent_covered_display": "0", "missing_lines": 31, "excluded_lines": 0, "percent_statements_covered": 0.0, "percent_statements_covered_display": "0"}, "missing_lines": [1287, 1288, 1294, 1295, 1298, 1299, 1300, 1302, 1303, 1305, 1306, 1308, 1309, 1311, 1312, 1314, 1315, 1316, 1317, 1320, 1323, 1324, 1327, 1328, 1333, 1335, 1336, 1340, 1344, 1345, 1347], "excluded_lines": []}, "_get_sample_campaign_data": {"executed_lines": [], "summary": {"covered_lines": 0, "num_statements": 2, "percent_covered": 0.0, "percent_covered_display": "0", "missing_lines": 2, "excluded_lines": 0, "percent_statements_covered": 0.0, "percent_statements_covered_display": "0"}, "missing_lines": [1352, 1361], "excluded_lines": []}, "_generate_trend_data": {"executed_lines": [], "summary": {"covered_lines": 0, "num_statements": 9, "percent_covered": 0.0, "percent_covered_display": "0", "missing_lines": 9, "excluded_lines": 0, "percent_statements_covered": 0.0, "percent_statements_covered_display": "0"}, "missing_lines": [1366, 1367, 1369, 1370, 1371, 1373, 1376, 1377, 1379], "excluded_lines": []}, "_calculate_channel_metrics": {"executed_lines": [], "summary": {"covered_lines": 0, "num_statements": 16, "percent_covered": 0.0, "percent_covered_display": "0", "missing_lines": 16, "excluded_lines": 0, "percent_statements_covered": 0.0, "percent_statements_covered_display": "0"}, "missing_lines": [1393, 1395, 1396, 1398, 1399, 1401, 1403, 1404, 1417, 1419, 1423, 1424, 1425, 1428, 1429, 1431], "excluded_lines": []}, "_calculate_channel_metrics.get_val": {"executed_lines": [], "summary": {"covered_lines": 0, "num_statements": 2, "percent_covered": 0.0, "percent_covered_display": "0", "missing_lines": 2, "excluded_lines": 0, "percent_statements_covered": 0.0, "percent_statements_covered_display": "0"}, "missing_lines": [1420, 1421], "excluded_lines": []}, "_get_channel_breakdown": {"executed_lines": [], "summary": {"covered_lines": 0, "num_statements": 7, "percent_covered": 0.0, "percent_covered_display": "0", "missing_lines": 7, "excluded_lines": 0, "percent_statements_covered": 0.0, "percent_statements_covered_display": "0"}, "missing_lines": [1446, 1447, 1450, 1451, 1454, 1455, 1457], "excluded_lines": []}, "_calculate_ab_test_significance": {"executed_lines": [], "summary": {"covered_lines": 0, "num_statements": 10, "percent_covered": 0.0, "percent_covered_display": "0", "missing_lines": 10, "excluded_lines": 0, "percent_statements_covered": 0.0, "percent_statements_covered_display": "0"}, "missing_lines": [1477, 1478, 1481, 1484, 1485, 1486, 1489, 1490, 1493, 1495], "excluded_lines": []}, "_calculate_required_sample_size": {"executed_lines": [], "summary": {"covered_lines": 0, "num_statements": 9, "percent_covered": 0.0, "percent_covered_display": "0", "missing_lines": 9, "excluded_lines": 0, "percent_statements_covered": 0.0, "percent_statements_covered_display": "0"}, "missing_lines": [1511, 1512, 1515, 1516, 1518, 1520, 1524, 1526, 1528], "excluded_lines": []}, "_generate_cohort_data": {"executed_lines": [], "summary": {"covered_lines": 0, "num_statements": 13, "percent_covered": 0.0, "percent_covered_display": "0", "missing_lines": 13, "excluded_lines": 0, "percent_statements_covered": 0.0, "percent_statements_covered_display": "0"}, "missing_lines": [1533, 1534, 1536, 1537, 1538, 1539, 1540, 1541, 1542, 1545, 1546, 1548, 1549], "excluded_lines": []}, "_get_sample_journey_data": {"executed_lines": [], "summary": {"covered_lines": 0, "num_statements": 1, "percent_covered": 0.0, "percent_covered_display": "0", "missing_lines": 1, "excluded_lines": 0, "percent_statements_covered": 0.0, "percent_statements_covered_display": "0"}, "missing_lines": [1554], "excluded_lines": []}, "_calculate_attribution": {"executed_lines": [], "summary": {"covered_lines": 0, "num_statements": 43, "percent_covered": 0.0, "percent_covered_display": "0", "missing_lines": 43, "excluded_lines": 0, "percent_statements_covered": 0.0, "percent_statements_covered_display": "0"}, "missing_lines": [1574, 1576, 1578, 1579, 1581, 1583, 1584, 1586, 1588, 1589, 1590, 1591, 1593, 1595, 1596, 1597, 1599, 1600, 1601, 1602, 1604, 1606, 1607, 1609, 1611, 1612, 1613, 1615, 1616, 1617, 1618, 1621, 1622, 1623, 1624, 1627, 1630, 1633, 1634, 1635, 1638, 1639, 1641], "excluded_lines": []}, "_generate_report_data": {"executed_lines": [], "summary": {"covered_lines": 0, "num_statements": 7, "percent_covered": 0.0, "percent_covered_display": "0", "missing_lines": 7, "excluded_lines": 0, "percent_statements_covered": 0.0, "percent_statements_covered_display": "0"}, "missing_lines": [1646, 1647, 1648, 1649, 1661, 1662, 1673], "excluded_lines": []}, "_generate_social_media_data": {"executed_lines": [], "summary": {"covered_lines": 0, "num_statements": 2, "percent_covered": 0.0, "percent_covered_display": "0", "missing_lines": 2, "excluded_lines": 0, "percent_statements_covered": 0.0, "percent_statements_covered_display": "0"}, "missing_lines": [1686, 1687], "excluded_lines": []}, "_get_platform_comparison": {"executed_lines": [], "summary": {"covered_lines": 0, "num_statements": 1, "percent_covered": 0.0, "percent_covered_display": "0", "missing_lines": 1, "excluded_lines": 0, "percent_statements_covered": 0.0, "percent_statements_covered_display": "0"}, "missing_lines": [1703], "excluded_lines": []}, "_generate_engagement_trend": {"executed_lines": [], "summary": {"covered_lines": 0, "num_statements": 2, "percent_covered": 0.0, "percent_covered_display": "0", "missing_lines": 2, "excluded_lines": 0, "percent_statements_covered": 0.0, "percent_statements_covered_display": "0"}, "missing_lines": [1716, 1717], "excluded_lines": []}, "_get_content_performance": {"executed_lines": [], "summary": {"covered_lines": 0, "num_statements": 1, "percent_covered": 0.0, "percent_covered_display": "0", "missing_lines": 1, "excluded_lines": 0, "percent_statements_covered": 0.0, "percent_statements_covered_display": "0"}, "missing_lines": [1724], "excluded_lines": []}, "_get_top_posts": {"executed_lines": [], "summary": {"covered_lines": 0, "num_statements": 1, "percent_covered": 0.0, "percent_covered_display": "0", "missing_lines": 1, "excluded_lines": 0, "percent_statements_covered": 0.0, "percent_statements_covered_display": "0"}, "missing_lines": [1734], "excluded_lines": []}, "_generate_posting_heatmap": {"executed_lines": [], "summary": {"covered_lines": 0, "num_statements": 2, "percent_covered": 0.0, "percent_covered_display": "0", "missing_lines": 2, "excluded_lines": 0, "percent_statements_covered": 0.0, "percent_statements_covered_display": "0"}, "missing_lines": [1767, 1768], "excluded_lines": []}, "": {"executed_lines": [1, 8, 9, 10, 12, 13, 14, 15, 16, 17, 18, 20, 21, 23, 26, 27, 28, 37, 70, 278, 526, 660, 785, 805, 941, 1119, 1143, 1214, 1285, 1350, 1364, 1391, 1444, 1468, 1503, 1531, 1552, 1572, 1644, 1684, 1701, 1714, 1722, 1732, 1765], "summary": {"covered_lines": 44, "num_statements": 44, "percent_covered": 100.0, "percent_covered_display": "100", "missing_lines": 0, "excluded_lines": 0, "percent_statements_covered": 100.0, "percent_statements_covered_display": "100"}, "missing_lines": [], "excluded_lines": []}}, "classes": {"": {"executed_lines": [1, 8, 9, 10, 12, 13, 14, 15, 16, 17, 18, 20, 21, 23, 26, 27, 28, 37, 70, 278, 526, 660, 785, 805, 941, 1119, 1143, 1214, 1285, 1350, 1364, 1391, 1444, 1468, 1503, 1531, 1552, 1572, 1644, 1684, 1701, 1714, 1722, 1732, 1765], "summary": {"covered_lines": 44, "num_statements": 597, "percent_covered": 7.370184254606365, "percent_covered_display": "7", "missing_lines": 553, "excluded_lines": 0, "percent_statements_covered": 7.370184254606365, "percent_statements_covered_display": "7"}, "missing_lines": [40, 51, 52, 54, 55, 57, 58, 60, 61, 63, 64, 66, 67, 72, 74, 75, 76, 77, 80, 81, 84, 85, 86, 91, 92, 93, 96, 98, 103, 104, 106, 107, 110, 112, 115, 118, 120, 121, 122, 127, 128, 133, 134, 137, 138, 144, 147, 150, 162, 166, 168, 170, 171, 180, 189, 195, 197, 199, 200, 210, 216, 219, 221, 231, 247, 253, 256, 257, 258, 261, 264, 267, 275, 280, 281, 291, 298, 303, 304, 305, 310, 311, 315, 318, 321, 322, 324, 325, 330, 331, 336, 337, 342, 343, 348, 349, 355, 358, 360, 362, 364, 366, 368, 379, 385, 387, 389, 402, 408, 411, 412, 413, 420, 424, 426, 428, 429, 431, 432, 442, 448, 450, 452, 454, 470, 476, 478, 481, 483, 484, 485, 486, 487, 488, 489, 490, 491, 492, 493, 495, 498, 499, 501, 503, 516, 523, 528, 529, 531, 533, 534, 536, 544, 552, 560, 568, 570, 571, 574, 579, 580, 581, 584, 585, 586, 587, 588, 589, 590, 593, 594, 595, 596, 598, 600, 603, 604, 606, 608, 609, 617, 618, 623, 624, 626, 628, 629, 631, 632, 633, 634, 635, 637, 650, 657, 662, 665, 667, 669, 670, 674, 675, 679, 680, 684, 686, 688, 691, 693, 695, 696, 698, 702, 710, 718, 729, 730, 733, 734, 736, 737, 738, 739, 740, 743, 745, 748, 749, 750, 751, 753, 755, 758, 760, 762, 775, 782, 787, 788, 791, 797, 799, 800, 802, 807, 809, 810, 812, 816, 820, 822, 824, 825, 827, 831, 835, 837, 839, 842, 843, 847, 849, 850, 851, 857, 858, 860, 861, 862, 865, 867, 868, 869, 874, 879, 885, 906, 913, 916, 918, 922, 923, 929, 935, 943, 944, 947, 950, 951, 953, 955, 957, 958, 959, 960, 962, 971, 980, 981, 983, 992, 995, 997, 999, 1002, 1004, 1005, 1007, 1008, 1010, 1011, 1012, 1015, 1017, 1018, 1025, 1026, 1032, 1033, 1034, 1035, 1036, 1045, 1053, 1054, 1055, 1058, 1064, 1067, 1084, 1091, 1094, 1095, 1106, 1109, 1113, 1116, 1122, 1123, 1126, 1129, 1132, 1134, 1145, 1146, 1149, 1155, 1158, 1160, 1162, 1164, 1167, 1169, 1171, 1173, 1175, 1184, 1186, 1188, 1189, 1190, 1191, 1194, 1195, 1198, 1200, 1211, 1216, 1219, 1230, 1231, 1232, 1235, 1236, 1238, 1241, 1243, 1245, 1248, 1250, 1251, 1253, 1254, 1255, 1257, 1258, 1259, 1266, 1267, 1269, 1270, 1271, 1273, 1274, 1287, 1288, 1294, 1295, 1298, 1299, 1300, 1302, 1303, 1305, 1306, 1308, 1309, 1311, 1312, 1314, 1315, 1316, 1317, 1320, 1323, 1324, 1327, 1328, 1333, 1335, 1336, 1340, 1344, 1345, 1347, 1352, 1361, 1366, 1367, 1369, 1370, 1371, 1373, 1376, 1377, 1379, 1393, 1395, 1396, 1398, 1399, 1401, 1403, 1404, 1417, 1419, 1420, 1421, 1423, 1424, 1425, 1428, 1429, 1431, 1446, 1447, 1450, 1451, 1454, 1455, 1457, 1477, 1478, 1481, 1484, 1485, 1486, 1489, 1490, 1493, 1495, 1511, 1512, 1515, 1516, 1518, 1520, 1524, 1526, 1528, 1533, 1534, 1536, 1537, 1538, 1539, 1540, 1541, 1542, 1545, 1546, 1548, 1549, 1554, 1574, 1576, 1578, 1579, 1581, 1583, 1584, 1586, 1588, 1589, 1590, 1591, 1593, 1595, 1596, 1597, 1599, 1600, 1601, 1602, 1604, 1606, 1607, 1609, 1611, 1612, 1613, 1615, 1616, 1617, 1618, 1621, 1622, 1623, 1624, 1627, 1630, 1633, 1634, 1635, 1638, 1639, 1641, 1646, 1647, 1648, 1649, 1661, 1662, 1673, 1686, 1687, 1703, 1716, 1717, 1724, 1734, 1767, 1768], "excluded_lines": []}}}, "modules/multi_agent.py": {"executed_lines": [], "summary": {"covered_lines": 0, "num_statements": 97, "percent_covered": 0.0, "percent_covered_display": "0", "missing_lines": 97, "excluded_lines": 0, "percent_statements_covered": 0.0, "percent_statements_covered_display": "0"}, "missing_lines": [8, 9, 10, 11, 12, 13, 15, 18, 20, 23, 32, 33, 35, 38, 40, 50, 51, 52, 54, 56, 57, 60, 64, 66, 68, 70, 71, 72, 73, 74, 76, 77, 78, 80, 81, 82, 87, 88, 89, 90, 92, 93, 94, 95, 97, 98, 100, 108, 113, 114, 115, 116, 117, 119, 120, 122, 127, 128, 131, 132, 135, 136, 137, 138, 139, 140, 142, 143, 144, 146, 147, 150, 151, 152, 153, 154, 155, 158, 159, 160, 161, 162, 163, 164, 165, 166, 167, 168, 169, 171, 172, 175, 191, 192, 194, 195, 196], "excluded_lines": [], "functions": {"render": {"executed_lines": [], "summary": {"covered_lines": 0, "num_statements": 5, "percent_covered": 0.0, "percent_covered_display": "0", "missing_lines": 5, "excluded_lines": 0, "percent_statements_covered": 0.0, "percent_statements_covered_display": "0"}, "missing_lines": [20, 23, 32, 33, 35], "excluded_lines": []}, "_render_stock_deep_dive": {"executed_lines": [], "summary": {"covered_lines": 0, "num_statements": 7, "percent_covered": 0.0, "percent_covered_display": "0", "missing_lines": 7, "excluded_lines": 0, "percent_statements_covered": 0.0, "percent_statements_covered_display": "0"}, "missing_lines": [40, 50, 51, 52, 54, 56, 57], "excluded_lines": []}, "_run_deep_dive_logic": {"executed_lines": [], "summary": {"covered_lines": 0, "num_statements": 75, "percent_covered": 0.0, "percent_covered_display": "0", "missing_lines": 75, "excluded_lines": 0, "percent_statements_covered": 0.0, "percent_statements_covered_display": "0"}, "missing_lines": [64, 66, 68, 70, 71, 72, 73, 74, 76, 77, 78, 80, 81, 82, 87, 88, 89, 90, 92, 93, 94, 95, 97, 98, 100, 108, 113, 114, 115, 116, 117, 119, 120, 122, 127, 128, 131, 132, 135, 136, 137, 138, 139, 140, 142, 143, 144, 146, 147, 150, 151, 152, 153, 154, 155, 158, 159, 160, 161, 162, 163, 164, 165, 166, 167, 168, 169, 171, 172, 175, 191, 192, 194, 195, 196], "excluded_lines": []}, "": {"executed_lines": [], "summary": {"covered_lines": 0, "num_statements": 10, "percent_covered": 0.0, "percent_covered_display": "0", "missing_lines": 10, "excluded_lines": 0, "percent_statements_covered": 0.0, "percent_statements_covered_display": "0"}, "missing_lines": [8, 9, 10, 11, 12, 13, 15, 18, 38, 60], "excluded_lines": []}}, "classes": {"": {"executed_lines": [], "summary": {"covered_lines": 0, "num_statements": 97, "percent_covered": 0.0, "percent_covered_display": "0", "missing_lines": 97, "excluded_lines": 0, "percent_statements_covered": 0.0, "percent_statements_covered_display": "0"}, "missing_lines": [8, 9, 10, 11, 12, 13, 15, 18, 20, 23, 32, 33, 35, 38, 40, 50, 51, 52, 54, 56, 57, 60, 64, 66, 68, 70, 71, 72, 73, 74, 76, 77, 78, 80, 81, 82, 87, 88, 89, 90, 92, 93, 94, 95, 97, 98, 100, 108, 113, 114, 115, 116, 117, 119, 120, 122, 127, 128, 131, 132, 135, 136, 137, 138, 139, 140, 142, 143, 144, 146, 147, 150, 151, 152, 153, 154, 155, 158, 159, 160, 161, 162, 163, 164, 165, 166, 167, 168, 169, 171, 172, 175, 191, 192, 194, 195, 196], "excluded_lines": []}}}, "modules/smart_forecast.py": {"executed_lines": [1, 8, 9, 10, 11, 12, 13, 14, 16, 17, 18, 20, 23, 57, 75, 149], "summary": {"covered_lines": 15, "num_statements": 86, "percent_covered": 17.441860465116278, "percent_covered_display": "17", "missing_lines": 71, "excluded_lines": 0, "percent_statements_covered": 17.441860465116278, "percent_statements_covered_display": "17"}, "missing_lines": [25, 27, 28, 29, 30, 31, 33, 34, 35, 37, 38, 39, 40, 43, 44, 47, 50, 52, 53, 54, 59, 62, 63, 66, 72, 79, 81, 84, 85, 87, 88, 91, 96, 97, 100, 101, 102, 104, 107, 108, 111, 112, 113, 120, 122, 124, 127, 129, 130, 132, 133, 139, 142, 146, 153, 154, 155, 156, 157, 158, 159, 160, 161, 168, 171, 172, 183, 193, 202, 205, 206], "excluded_lines": [], "functions": {"render": {"executed_lines": [], "summary": {"covered_lines": 0, "num_statements": 20, "percent_covered": 0.0, "percent_covered_display": "0", "missing_lines": 20, "excluded_lines": 0, "percent_statements_covered": 0.0, "percent_statements_covered_display": "0"}, "missing_lines": [25, 27, 28, 29, 30, 31, 33, 34, 35, 37, 38, 39, 40, 43, 44, 47, 50, 52, 53, 54], "excluded_lines": []}, "_prepare_features": {"executed_lines": [], "summary": {"covered_lines": 0, "num_statements": 5, "percent_covered": 0.0, "percent_covered_display": "0", "missing_lines": 5, "excluded_lines": 0, "percent_statements_covered": 0.0, "percent_statements_covered_display": "0"}, "missing_lines": [59, 62, 63, 66, 72], "excluded_lines": []}, "_train_and_predict": {"executed_lines": [], "summary": {"covered_lines": 0, "num_statements": 29, "percent_covered": 0.0, "percent_covered_display": "0", "missing_lines": 29, "excluded_lines": 0, "percent_statements_covered": 0.0, "percent_statements_covered_display": "0"}, "missing_lines": [79, 81, 84, 85, 87, 88, 91, 96, 97, 100, 101, 102, 104, 107, 108, 111, 112, 113, 120, 122, 124, 127, 129, 130, 132, 133, 139, 142, 146], "excluded_lines": []}, "_render_results": {"executed_lines": [], "summary": {"covered_lines": 0, "num_statements": 17, "percent_covered": 0.0, "percent_covered_display": "0", "missing_lines": 17, "excluded_lines": 0, "percent_statements_covered": 0.0, "percent_statements_covered_display": "0"}, "missing_lines": [153, 154, 155, 156, 157, 158, 159, 160, 161, 168, 171, 172, 183, 193, 202, 205, 206], "excluded_lines": []}, "": {"executed_lines": [1, 8, 9, 10, 11, 12, 13, 14, 16, 17, 18, 20, 23, 57, 75, 149], "summary": {"covered_lines": 15, "num_statements": 15, "percent_covered": 100.0, "percent_covered_display": "100", "missing_lines": 0, "excluded_lines": 0, "percent_statements_covered": 100.0, "percent_statements_covered_display": "100"}, "missing_lines": [], "excluded_lines": []}}, "classes": {"": {"executed_lines": [1, 8, 9, 10, 11, 12, 13, 14, 16, 17, 18, 20, 23, 57, 75, 149], "summary": {"covered_lines": 15, "num_statements": 86, "percent_covered": 17.441860465116278, "percent_covered_display": "17", "missing_lines": 71, "excluded_lines": 0, "percent_statements_covered": 17.441860465116278, "percent_statements_covered_display": "17"}, "missing_lines": [25, 27, 28, 29, 30, 31, 33, 34, 35, 37, 38, 39, 40, 43, 44, 47, 50, 52, 53, 54, 59, 62, 63, 66, 72, 79, 81, 84, 85, 87, 88, 91, 96, 97, 100, 101, 102, 104, 107, 108, 111, 112, 113, 120, 122, 124, 127, 129, 130, 132, 133, 139, 142, 146, 153, 154, 155, 156, 157, 158, 159, 160, 161, 168, 171, 172, 183, 193, 202, 205, 206], "excluded_lines": []}}}, "utils/config.py": {"executed_lines": [], "summary": {"covered_lines": 0, "num_statements": 7, "percent_covered": 0.0, "percent_covered_display": "0", "missing_lines": 7, "excluded_lines": 0, "percent_statements_covered": 0.0, "percent_statements_covered_display": "0"}, "missing_lines": [8, 15, 23, 35, 43, 49, 50], "excluded_lines": [], "functions": {"": {"executed_lines": [], "summary": {"covered_lines": 0, "num_statements": 7, "percent_covered": 0.0, "percent_covered_display": "0", "missing_lines": 7, "excluded_lines": 0, "percent_statements_covered": 0.0, "percent_statements_covered_display": "0"}, "missing_lines": [8, 15, 23, 35, 43, 49, 50], "excluded_lines": []}}, "classes": {"": {"executed_lines": [], "summary": {"covered_lines": 0, "num_statements": 7, "percent_covered": 0.0, "percent_covered_display": "0", "missing_lines": 7, "excluded_lines": 0, "percent_statements_covered": 0.0, "percent_statements_covered_display": "0"}, "missing_lines": [8, 15, 23, 35, 43, 49, 50], "excluded_lines": []}}}, "utils/contrast_checker.py": {"executed_lines": [], "summary": {"covered_lines": 0, "num_statements": 45, "percent_covered": 0.0, "percent_covered_display": "0", "missing_lines": 45, "excluded_lines": 13, "percent_statements_covered": 0.0, "percent_statements_covered_display": "0"}, "missing_lines": [7, 10, 12, 13, 16, 18, 21, 22, 23, 24, 26, 27, 30, 32, 33, 35, 36, 38, 41, 53, 56, 61, 63, 73, 75, 78, 89, 91, 92, 93, 95, 96, 98, 99, 100, 101, 103, 104, 105, 106, 107, 108, 109, 110, 115], "excluded_lines": [118, 120, 121, 123, 124, 126, 127, 128, 129, 131, 132, 133, 134], "functions": {"hex_to_rgb": {"executed_lines": [], "summary": {"covered_lines": 0, "num_statements": 2, "percent_covered": 0.0, "percent_covered_display": "0", "missing_lines": 2, "excluded_lines": 0, "percent_statements_covered": 0.0, "percent_statements_covered_display": "0"}, "missing_lines": [12, 13], "excluded_lines": []}, "relative_luminance": {"executed_lines": [], "
[...]
"missing_lines": 50, "excluded_lines": 0, "percent_statements_covered": 0.0, "percent_statements_covered_display": "0"}, "missing_lines": [7, 8, 9, 12, 26, 27, 29, 30, 32, 33, 34, 37, 38, 39, 42, 44, 47, 63, 64, 65, 66, 67, 68, 70, 71, 72, 73, 75, 78, 92, 93, 94, 95, 97, 98, 100, 103, 114, 115, 118, 131, 132, 133, 136, 137, 138, 141, 142, 144, 146], "excluded_lines": [], "functions": {"calculate_rsi": {"executed_lines": [], "summary": {"covered_lines": 0, "num_statements": 12, "percent_covered": 0.0, "percent_covered_display": "0", "missing_lines": 12, "excluded_lines": 0, "percent_statements_covered": 0.0, "percent_statements_covered_display": "0"}, "missing_lines": [26, 27, 29, 30, 32, 33, 34, 37, 38, 39, 42, 44], "excluded_lines": []}, "calculate_macd": {"executed_lines": [], "summary": {"covered_lines": 0, "num_statements": 11, "percent_covered": 0.0, "percent_covered_display": "0", "missing_lines": 11, "excluded_lines": 0, "percent_statements_covered": 0.0, "percent_statements_covered_display": "0"}, "missing_lines": [63, 64, 65, 66, 67, 68, 70, 71, 72, 73, 75], "excluded_lines": []}, "calculate_moving_averages": {"executed_lines": [], "summary": {"covered_lines": 0, "num_statements": 7, "percent_covered": 0.0, "percent_covered_display": "0", "missing_lines": 7, "excluded_lines": 0, "percent_statements_covered": 0.0, "percent_statements_covered_display": "0"}, "missing_lines": [92, 93, 94, 95, 97, 98, 100], "excluded_lines": []}, "calculate_volatility": {"executed_lines": [], "summary": {"covered_lines": 0, "num_statements": 2, "percent_covered": 0.0, "percent_covered_display": "0", "missing_lines": 2, "excluded_lines": 0, "percent_statements_covered": 0.0, "percent_statements_covered_display": "0"}, "missing_lines": [114, 115], "excluded_lines": []}, "add_all_indicators": {"executed_lines": [], "summary": {"covered_lines": 0, "num_statements": 10, "percent_covered": 0.0, "percent_covered_display": "0", "missing_lines": 10, "excluded_lines": 0, "percent_statements_covered": 0.0, "percent_statements_covered_display": "0"}, "missing_lines": [131, 132, 133, 136, 137, 138, 141, 142, 144, 146], "excluded_lines": []}, "": {"executed_lines": [], "summary": {"covered_lines": 0, "num_statements": 8, "percent_covered": 0.0, "percent_covered_display": "0", "missing_lines": 8, "excluded_lines": 0, "percent_statements_covered": 0.0, "percent_statements_covered_display": "0"}, "missing_lines": [7, 8, 9, 12, 47, 78, 103, 118], "excluded_lines": []}}, "classes": {"": {"executed_lines": [], "summary": {"covered_lines": 0, "num_statements": 50, "percent_covered": 0.0, "percent_covered_display": "0", "missing_lines": 50, "excluded_lines": 0, "percent_statements_covered": 0.0, "percent_statements_covered_display": "0"}, "missing_lines": [7, 8, 9, 12, 26, 27, 29, 30, 32, 33, 34, 37, 38, 39, 42, 44, 47, 63, 64, 65, 66, 67, 68, 70, 71, 72, 73, 75, 78, 92, 93, 94, 95, 97, 98, 100, 103, 114, 115, 118, 131, 132, 133, 136, 137, 138, 141, 142, 144, 146], "excluded_lines": []}}}, "utils/logger.py": {"executed_lines": [1, 8, 9, 10, 13, 33, 34, 37, 41, 42, 45, 46, 50, 51, 54, 56, 59, 69], "summary": {"covered_lines": 17, "num_statements": 18, "percent_covered": 94.44444444444444, "percent_covered_display": "94", "missing_lines": 1, "excluded_lines": 0, "percent_statements_covered": 94.44444444444444, "percent_statements_covered_display": "94"}, "missing_lines": [38], "excluded_lines": [], "functions": {"setup_logger": {"executed_lines": [33, 34, 37, 41, 42, 45, 46, 50, 51, 54, 56], "summary": {"covered_lines": 11, "num_statements": 12, "percent_covered": 91.66666666666667, "percent_covered_display": "92", "missing_lines": 1, "excluded_lines": 0, "percent_statements_covered": 91.66666666666667, "percent_statements_covered_display": "92"}, "missing_lines": [38], "excluded_lines": []}, "get_logger": {"executed_lines": [69], "summary": {"covered_lines": 1, "num_statements": 1, "percent_covered": 100.0, "percent_covered_display": "100", "missing_lines": 0, "excluded_lines": 0, "percent_statements_covered": 100.0, "percent_statements_covered_display": "100"}, "missing_lines": [], "excluded_lines": []}, "": {"executed_lines": [1, 8, 9, 10, 13, 59], "summary": {"covered_lines": 5, "num_statements": 5, "percent_covered": 100.0, "percent_covered_display": "100", "missing_lines": 0, "excluded_lines": 0, "percent_statements_covered": 100.0, "percent_statements_covered_display": "100"}, "missing_lines": [], "excluded_lines": []}}, "classes": {"": {"executed_lines": [1, 8, 9, 10, 13, 33, 34, 37, 41, 42, 45, 46, 50, 51, 54, 56, 59, 69], "summary": {"covered_lines": 17, "num_statements": 18, "percent_covered": 94.44444444444444, "percent_covered_display": "94", "missing_lines": 1, "excluded_lines": 0, "percent_statements_covered": 94.44444444444444, "percent_statements_covered_display": "94"}, "missing_lines": [38], "excluded_lines": []}}}, "utils/sales_formatter.py": {"executed_lines": [], "summary": {"covered_lines": 0, "num_statements": 29, "percent_covered": 0.0, "percent_covered_display": "0", "missing_lines": 29, "excluded_lines": 2, "percent_statements_covered": 0.0, "percent_statements_covered_display": "0"}, "missing_lines": [1, 2, 3, 6, 9, 11, 13, 14, 17, 20, 21, 23, 24, 27, 28, 29, 30, 32, 34, 35, 36, 37, 38, 39, 41, 42, 43, 44, 47], "excluded_lines": [50, 51], "functions": {"format_for_upwork": {"executed_lines": [], "summary": {"covered_lines": 0, "num_statements": 4, "percent_covered": 0.0, "percent_covered_display": "0", "missing_lines": 4, "excluded_lines": 0, "percent_statements_covered": 0.0, "percent_statements_covered_display": "0"}, "missing_lines": [9, 11, 13, 14], "excluded_lines": []}, "format_for_linkedin": {"executed_lines": [], "summary": {"covered_lines": 0, "num_statements": 4, "percent_covered": 0.0, "percent_covered_display": "0", "missing_lines": 4, "excluded_lines": 0, "percent_statements_covered": 0.0, "percent_statements_covered_display": "0"}, "missing_lines": [20, 21, 23, 24], "excluded_lines": []}, "main": {"executed_lines": [], "summary": {"covered_lines": 0, "num_statements": 15, "percent_covered": 0.0, "percent_covered_display": "0", "missing_lines": 15, "excluded_lines": 0, "percent_statements_covered": 0.0, "percent_statements_covered_display": "0"}, "missing_lines": [28, 29, 30, 32, 34, 35, 36, 37, 38, 39, 41, 42, 43, 44, 47], "excluded_lines": []}, "": {"executed_lines": [], "summary": {"covered_lines": 0, "num_statements": 6, "percent_covered": 0.0, "percent_covered_display": "0", "missing_lines": 6, "excluded_lines": 2, "percent_statements_covered": 0.0, "percent_statements_covered_display": "0"}, "missing_lines": [1, 2, 3, 6, 17, 27], "excluded_lines": [50, 51]}}, "classes": {"": {"executed_lines": [], "summary": {"covered_lines": 0, "num_statements": 29, "percent_covered": 0.0, "percent_covered_display": "0", "missing_lines": 29, "excluded_lines": 2, "percent_statements_covered": 0.0, "percent_statements_covered_display": "0"}, "missing_lines": [1, 2, 3, 6, 9, 11, 13, 14, 17, 20, 21, 23, 24, 27, 28, 29, 30, 32, 34, 35, 36, 37, 38, 39, 41, 42, 43, 44, 47], "excluded_lines": [50, 51]}}}, "utils/sentiment_analyzer.py": {"executed_lines": [1, 2, 3, 6, 7, 9, 13, 16, 26, 27, 28, 34, 48, 56, 57, 59, 60, 61, 62, 65, 67, 70, 72, 74, 77, 79, 82, 84, 92, 111, 112, 113, 115, 116, 124, 125, 128, 129, 131, 155, 162, 165, 166, 169, 170, 171, 178, 180, 181, 182, 187, 188, 195, 196, 198, 199, 202, 212, 213, 214, 225, 229, 231, 239, 243, 244, 246], "summary": {"covered_lines": 67, "num_statements": 90, "percent_covered": 74.44444444444444, "percent_covered_display": "74", "missing_lines": 23, "excluded_lines": 0, "percent_statements_covered": 74.44444444444444, "percent_statements_covered_display": "74"}, "missing_lines": [10, 11, 29, 30, 31, 49, 66, 68, 78, 80, 174, 175, 189, 190, 192, 217, 218, 219, 220, 221, 223, 240, 242], "excluded_lines": [], "functions": {"analyze_sentiment": {"executed_lines": [26, 27, 28], "summary": {"covered_lines": 3, "num_statements": 6, "percent_covered": 50.0, "percent_covered_display": "50", "missing_lines": 3, "excluded_lines": 0, "percent_statements_covered": 50.0, "percent_statements_covered_display": "50"}, "missing_lines": [29, 30, 31], "excluded_lines": []}, "process_news_sentiment": {"executed_lines": [48, 56, 57, 59, 60, 61, 62, 65, 67, 70, 72, 74, 77, 79, 82, 84], "summary": {"covered_lines": 16, "num_statements": 21, "percent_covered": 76.19047619047619, "percent_covered_display": "76", "missing_lines": 5, "excluded_lines": 0, "percent_statements_covered": 76.19047619047619, "percent_statements_covered_display": "76"}, "missing_lines": [49, 66, 68, 78, 80], "excluded_lines": []}, "analyze_sentiment_with_claude": {"executed_lines": [111, 112, 113, 115, 116, 124, 125, 128, 129, 131, 155, 162, 165, 166, 169, 170, 171, 178, 180, 181, 182, 187, 188, 195, 196, 198, 199, 202, 212, 213, 214, 225, 229, 231, 239, 243, 244, 246], "summary": {"covered_lines": 38, "num_statements": 51, "percent_covered": 74.50980392156863, "percent_covered_display": "75", "missing_lines": 13, "excluded_lines": 0, "percent_statements_covered": 74.50980392156863, "percent_statements_covered_display": "75"}, "missing_lines": [174, 175, 189, 190, 192, 217, 218, 219, 220, 221, 223, 240, 242], "excluded_lines": []}, "": {"executed_lines": [1, 2, 3, 6, 7, 9, 13, 16, 34, 92], "summary": {"covered_lines": 10, "num_statements": 12, "percent_covered": 83.33333333333333, "percent_covered_display": "83", "missing_lines": 2, "excluded_lines": 0, "percent_statements_covered": 83.33333333333333, "percent_statements_covered_display": "83"}, "missing_lines": [10, 11], "excluded_lines": []}}, "classes": {"": {"executed_lines": [1, 2, 3, 6, 7, 9, 13, 16, 26, 27, 28, 34, 48, 56, 57, 59, 60, 61, 62, 65, 67, 70, 72, 74, 77, 79, 82, 84, 92, 111, 112, 113, 115, 116, 124, 125, 128, 129, 131, 155, 162, 165, 166, 169, 170, 171, 178, 180, 181, 182, 187, 188, 195, 196, 198, 199, 202, 212, 213, 214, 225, 229, 231, 239, 243, 244, 246], "summary": {"covered_lines": 67, "num_statements": 90, "percent_covered": 74.44444444444444, "percent_covered_display": "74", "missing_lines": 23, "excluded_lines": 0, "percent_statements_covered": 74.44444444444444, "percent_statements_covered_display": "74"}, "missing_lines": [10, 11, 29, 30, 31, 49, 66, 68, 78, 80, 174, 175, 189, 190, 192, 217, 218, 219, 220, 221, 223, 240, 242], "excluded_lines": []}}}, "utils/ui.py": {"executed_lines": [1, 9, 10, 11, 13, 20, 38, 57, 76, 96, 99, 102, 120, 704, 729, 738, 742, 743, 744, 750, 782, 816, 853, 875, 957, 1074, 1172, 1173, 1216, 1217, 1268, 1269, 1324, 1364, 1369, 1442], "summary": {"covered_lines": 25, "num_statements": 135, "percent_covered": 18.51851851851852, "percent_covered_display": "19", "missing_lines": 110, "excluded_lines": 0, "percent_statements_covered": 18.51851851851852, "percent_statements_covered_display": "19"}, "missing_lines": [104, 105, 106, 107, 108, 109, 110, 111, 112, 113, 114, 115, 117, 122, 716, 722, 725, 726, 735, 755, 762, 764, 786, 787, 789, 790, 791, 792, 796, 802, 813, 822, 823, 825, 826, 827, 828, 833, 850, 857, 873, 876, 880, 955, 958, 1014, 1016, 1017, 1018, 1028, 1029, 1038, 1039, 1046, 1047, 1060, 1070, 1072, 1075, 1141, 1142, 1143, 1144, 1147, 1148, 1150, 1170, 1191, 1198, 1200, 1214, 1234, 1266, 1286, 1288, 1295, 1297, 1322, 1325, 1329, 1365, 1367, 1370, 1376, 1377, 1379, 1380, 1383, 1409, 1411, 1412, 1413, 1415, 1419, 1424, 1425, 1427, 1428, 1429, 1430, 1431, 1432, 1434, 1435, 1436, 1438, 1440, 1443, 1445, 1461], "excluded_lines": [], "functions": {"get_base64_image": {"executed_lines": [], "summary": {"covered_lines": 0, "num_statements": 13, "percent_covered": 0.0, "percent_covered_display": "0", "missing_lines": 13, "excluded_lines": 0, "percent_statements_covered": 0.0, "percent_statements_covered_display": "0"}, "missing_lines": [104, 105, 106, 107, 108, 109, 110, 111, 112, 113, 114, 115, 117], "excluded_lines": []}, "_generate_css": {"executed_lines": [], "summary": {"covered_lines": 0, "num_statements": 1, "percent_covered": 0.0, "percent_covered_display": "0", "missing_lines": 1, "excluded_lines": 0, "percent_statements_covered": 0.0, "percent_statements_covered_display": "0"}, "missing_lines": [122], "excluded_lines": []}, "setup_interface": {"executed_lines": [], "summary": {"covered_lines": 0, "num_statements": 4, "percent_covered": 0.0, "percent_covered_display": "0", "missing_lines": 4, "excluded_lines": 0, "percent_statements_covered": 0.0, "percent_statements_covered_display": "0"}, "missing_lines": [716, 722, 725, 726], "excluded_lines": []}, "card_metric": {"executed_lines": [], "summary": {"covered_lines": 0, "num_statements": 1, "percent_covered": 0.0, "percent_covered_display": "0", "missing_lines": 1, "excluded_lines": 0, "percent_statements_covered": 0.0, "percent_statements_covered_display": "0"}, "missing_lines": [735], "excluded_lines": []}, "section_header": {"executed_lines": [742, 743, 744], "summary": {"covered_lines": 3, "num_statements": 3, "percent_covered": 100.0, "percent_covered_display": "100", "missing_lines": 0, "excluded_lines": 0, "percent_statements_covered": 100.0, "percent_statements_covered_display": "100"}, "missing_lines": [], "excluded_lines": []}, "status_badge": {"executed_lines": [], "summary": {"covered_lines": 0, "num_statements": 3, "percent_covered": 0.0, "percent_covered_display": "0", "missing_lines": 3, "excluded_lines": 0, "percent_statements_covered": 0.0, "percent_statements_covered_display": "0"}, "missing_lines": [755, 762, 764], "excluded_lines": []}, "hero_section": {"executed_lines": [], "summary": {"covered_lines": 0, "num_statements": 9, "percent_covered": 0.0, "percent_covered_display": "0", "missing_lines": 9, "excluded_lines": 0, "percent_statements_covered": 0.0, "percent_statements_covered_display": "0"}, "missing_lines": [786, 787, 789, 790, 791, 792, 796, 802, 813], "excluded_lines": []}, "feature_card": {"executed_lines": [], "summary": {"covered_lines": 0, "num_statements": 8, "percent_covered": 0.0, "percent_covered_display": "0", "missing_lines": 8, "excluded_lines": 0, "percent_statements_covered": 0.0, "percent_statements_covered_display": "0"}, "missing_lines": [822, 823, 825, 826, 827, 828, 833, 850], "excluded_lines": []}, "use_case_card": {"executed_lines": [], "summary": {"covered_lines": 0, "num_statements": 2, "percent_covered": 0.0, "percent_covered_display": "0", "missing_lines": 2, "excluded_lines": 0, "percent_statements_covered": 0.0, "percent_statements_covered_display": "0"}, "missing_lines": [857, 873], "excluded_lines": []}, "comparison_table": {"executed_lines": [], "summary": {"covered_lines": 0, "num_statements": 2, "percent_covered": 0.0, "percent_covered_display": "0", "missing_lines": 2, "excluded_lines": 0, "percent_statements_covered": 0.0, "percent_statements_covered_display": "0"}, "missing_lines": [880, 955], "excluded_lines": []}, "skeleton_loader": {"executed_lines": [], "summary": {"covered_lines": 0, "num_statements": 13, "percent_covered": 0.0, "percent_covered_display": "0", "missing_lines": 13, "excluded_lines": 0, "percent_statements_covered": 0.0, "percent_statements_covered_display": "0"}, "missing_lines": [1014, 1016, 1017, 1018, 1028, 1029, 1038, 1039, 1046, 1047, 1060, 1070, 1072], "excluded_lines": []}, "toast": {"executed_lines": [], "summary": {"covered_lines": 0, "num_statements": 8, "percent_covered": 0.0, "percent_covered_display": "0", "missing_lines": 8, "excluded_lines": 0, "percent_statements_covered": 0.0, "percent_statements_covered_display": "0"}, "missing_lines": [1141, 1142, 1143, 1144, 1147, 1148, 1150, 1170], "excluded_lines": []}, "animated_metric": {"executed_lines": [], "summary": {"covered_lines": 0, "num_statements": 4, "percent_covered": 0.0, "percent_covered_display": "0", "missing_lines": 4, "excluded_lines": 0, "percent_statements_covered": 0.0, "percent_statements_covered_display": "0"}, "missing_lines": [1191, 1198, 1200, 1214], "excluded_lines": []}, "glassmorphic_card": {"executed_lines": [], "summary": {"covered_lines": 0, "num_statements": 2, "percent_covered": 0.0, "percent_covered_display": "0", "missing_lines": 2, "excluded_lines": 0, "percent_statements_covered": 0.0, "percent_statements_covered_display": "0"}, "missing_lines": [1234, 1266], "excluded_lines": []}, "progress_bar": {"executed_lines": [], "summary": {"covered_lines": 0, "num_statements": 5, "percent_covered": 0.0, "percent_covered_display": "0", "missing_lines": 5, "excluded_lines": 0, "percent_statements_covered": 0.0, "percent_statements_covered_display": "0"}, "missing_lines": [1286, 1288, 1295, 1297, 1322], "excluded_lines": []}, "get_plotly_template": {"executed_lines": [], "summary": {"covered_lines": 0, "num_statements": 1, "percent_covered": 0.0, "percent_covered_display": "0", "missing_lines": 1, "excluded_lines": 0, "percent_statements_covered": 0.0, "percent_statements_covered_display": "0"}, "missing_lines": [1329], "excluded_lines": []}, "spacer": {"executed_lines": [], "summary": {"covered_lines": 0, "num_statements": 1, "percent_covered": 0.0, "percent_covered_display": "0", "missing_lines": 1, "excluded_lines": 0, "percent_statements_covered": 0.0, "percent_statements_covered_display": "0"}, "missing_lines": [1367], "excluded_lines": []}, "login_modal": {"executed_lines": [], "summary": {"covered_lines": 0, "num_statements": 24, "percent_covered": 0.0, "percent_covered_display": "0", "missing_lines": 24, "excluded_lines": 0, "percent_statements_covered": 0.0, "percent_statements_covered_display": "0"}, "missing_lines": [1376, 1377, 1379, 1380, 1383, 1409, 1411, 1412, 1413, 1415, 1419, 1424, 1425, 1427, 1428, 1429, 1430, 1431, 1432, 1434, 1435, 1436, 1438, 1440], "excluded_lines": []}, "footer": {"executed_lines": [], "summary": {"covered_lines": 0, "num_statements": 2, "percent_covered": 0.0, "percent_covered_display": "0", "missing_lines": 2, "excluded_lines": 0, "percent_statements_covered": 0.0, "percent_statements_covered_display": "0"}, "missing_lines": [1445, 1461], "excluded_lines": []}, "": {"executed_lines": [1, 9, 10, 11, 13, 20, 38, 57, 76, 96, 99, 102, 120, 704, 729, 738, 750, 782, 816, 853, 875, 957, 1074, 1172, 1173, 1216, 1217, 1268, 1269, 1324, 1364, 1369, 1442], "summary": {"covered_lines": 22, "num_statements": 29, "percent_covered": 75.86206896551724, "percent_covered_display": "76", "missing_lines": 7, "excluded_lines": 0, "percent_statements_covered": 75.86206896551724, "percent_statements_covered_display": "76"}, "missing_lines": [876, 958, 1075, 1325, 1365, 1370, 1443], "excluded_lines": []}}, "classes": {"": {"executed_lines": [1, 9, 10, 11, 13, 20, 38, 57, 76, 96, 99, 102, 120, 704, 729, 738, 742, 743, 744, 750, 782, 816, 853, 875, 957, 1074, 1172, 1173, 1216, 1217, 1268, 1269, 1324, 1364, 1369, 1442], "summary": {"covered_lines": 25, "num_statements": 135, "percent_covered": 18.51851851851852, "percent_covered_display": "19", "missing_lines": 110, "excluded_lines": 0, "percent_statements_covered": 18.51851851851852, "percent_statements_covered_display": "19"}, "missing_lines": [104, 105, 106, 107, 108, 109, 110, 111, 112, 113, 114, 115, 117, 122, 716, 722, 725, 726, 735, 755, 762, 764, 786, 787, 789, 790, 791, 792, 796, 802, 813, 822, 823, 825, 826, 827, 828, 833, 850, 857, 873, 876, 880, 955, 958, 1014, 1016, 1017, 1018, 1028, 1029, 1038, 1039, 1046, 1047, 1060, 1070, 1072, 1075, 1141, 1142, 1143, 1144, 1147, 1148, 1150, 1170, 1191, 1198, 1200, 1214, 1234, 1266, 1286, 1288, 1295, 1297, 1322, 1325, 1329, 1365, 1367, 1370, 1376, 1377, 1379, 1380, 1383, 1409, 1411, 1412, 1413, 1415, 1419, 1424, 1425, 1427, 1428, 1429, 1430, 1431, 1432, 1434, 1435, 1436, 1438, 1440, 1443, 1445, 1461], "excluded_lines": []}}}}, "totals": {"covered_lines": 549, "num_statements": 2893, "percent_covered": 18.97684064984445, "percent_covered_display": "19", "missing_lines": 2344, "excluded_lines": 30, "percent_statements_covered": 18.97684064984445, "percent_statements_covered_display": "19"}}