{
  "test_suite": "Jorge Platform Load Testing",
  "generated": "2026-02-13T10:48:03.077460",
  "execution_summary": {
    "start_time": "2026-02-13T10:45:32.727051",
    "end_time": "2026-02-13T10:48:03.077257",
    "duration_seconds": 150.350206,
    "total_scenarios": 5,
    "passed_scenarios": 0,
    "failed_scenarios": 5,
    "success_rate": 0.0
  },
  "scenario_results": [
    {
      "scenario": "smoke_test",
      "users": 10,
      "duration_minutes": 2,
      "start_time": "2026-02-13T10:45:32.727066",
      "exit_code": 1,
      "passed": false,
      "stdout": "                                   195    195     0%   15-1103\nghl_real_estate_ai/services/workflow_validator.py                                          55     55     0%   6-133\nghl_real_estate_ai/services/workflow_versions.py                                           63     63     0%   6-162\nghl_real_estate_ai/services/xgboost_propensity_engine.py                                  282    213    24%   400-405, 424-464, 478-543, 547, 562-612, 626-647, 655-708, 717-738, 746-823, 836-873, 882-885, 893-895, 898-900, 914-931, 935-943, 956-971, 978-985, 989-993, 997-1011, 1015-1029, 1041-1043\nghl_real_estate_ai/services/zillow_defense_service.py                                      32     21    34%   28-36, 44-56, 69-71\n---------------------------------------------------------------------------------------------------------------------\nTOTAL                                                                                  116395 106746     8%\nCoverage HTML written to dir tests/coverage/html\nCoverage XML written to file tests/coverage/coverage.xml\nFAIL Required test coverage of 80% not reached. Total coverage: 8.29%\n============================= slowest 10 durations =============================\n2.40s call     performance/test_jorge_platform_load_testing.py::TestPricingEndpointLoadPerformance::test_pricing_calculate_normal_load\n0.00s setup    performance/test_jorge_platform_load_testing.py::TestPricingEndpointLoadPerformance::test_pricing_calculate_normal_load\n0.00s teardown performance/test_jorge_platform_load_testing.py::TestPricingEndpointLoadPerformance::test_pricing_calculate_normal_load\n=========================== short test summary info ============================\nFAILED tests/performance/test_jorge_platform_load_testing.py::TestPricingEndpointLoadPerformance::test_pricing_calculate_normal_load - AssertionError: P95 latency 1861.1ms exceeds target 100ms\nassert 1861.1152172088623 <= 100\n================ 1 failed, 5 deselected, 12 warnings in 28.59s =================\n",
      "stderr": "/opt/homebrew/lib/python3.14/site-packages/coverage/report_core.py:107: CoverageWarning: Couldn't parse Python file '/Users/cave/Documents/GitHub/EnterpriseHub/ghl_real_estate_ai/services/learning/test_behavior_tracking.py' (couldnt-parse); see https://coverage.readthedocs.io/en/7.13.2/messages.html#warning-couldnt-parse\n  coverage._warn(msg, slug=\"couldnt-parse\")\n/opt/homebrew/lib/python3.14/site-packages/coverage/report_core.py:107: CoverageWarning: Couldn't parse Python file '/Users/cave/Documents/GitHub/EnterpriseHub/ghl_real_estate_ai/services/learning/test_feature_engineering.py' (couldnt-parse); see https://coverage.readthedocs.io/en/7.13.2/messages.html#warning-couldnt-parse\n  coverage._warn(msg, slug=\"couldnt-parse\")\n/opt/homebrew/lib/python3.14/site-packages/coverage/report_core.py:107: CoverageWarning: Couldn't parse Python file '/Users/cave/Documents/GitHub/EnterpriseHub/ghl_real_estate_ai/services/repositories/test_integration.py' (couldnt-parse); see https://coverage.readthedocs.io/en/7.13.2/messages.html#warning-couldnt-parse\n  coverage._warn(msg, slug=\"couldnt-parse\")\n/opt/homebrew/lib/python3.14/site-packages/coverage/report_core.py:107: CoverageWarning: Couldn't parse Python file '/Users/cave/Documents/GitHub/EnterpriseHub/ghl_real_estate_ai/services/scoring/test_strategy_pattern.py' (couldnt-parse); see https://coverage.readthedocs.io/en/7.13.2/messages.html#warning-couldnt-parse\n  coverage._warn(msg, slug=\"couldnt-parse\")\n",
      "end_time": "2026-02-13T10:46:05.291980"
    },
    {
      "scenario": "normal_load",
      "users": 100,
      "duration_minutes": 5,
      "start_time": "2026-02-13T10:46:05.303447",
      "exit_code": 1,
      "passed": false,
      "stdout": "                                    195    195     0%   15-1103\nghl_real_estate_ai/services/workflow_validator.py                                          55     55     0%   6-133\nghl_real_estate_ai/services/workflow_versions.py                                           63     63     0%   6-162\nghl_real_estate_ai/services/xgboost_propensity_engine.py                                  282    213    24%   400-405, 424-464, 478-543, 547, 562-612, 626-647, 655-708, 717-738, 746-823, 836-873, 882-885, 893-895, 898-900, 914-931, 935-943, 956-971, 978-985, 989-993, 997-1011, 1015-1029, 1041-1043\nghl_real_estate_ai/services/zillow_defense_service.py                                      32     21    34%   28-36, 44-56, 69-71\n---------------------------------------------------------------------------------------------------------------------\nTOTAL                                                                                  116395 106746     8%\nCoverage HTML written to dir tests/coverage/html\nCoverage XML written to file tests/coverage/coverage.xml\nFAIL Required test coverage of 80% not reached. Total coverage: 9.07%\n============================= slowest 10 durations =============================\n2.37s call     performance/test_jorge_platform_load_testing.py::TestPricingEndpointLoadPerformance::test_pricing_calculate_normal_load\n0.00s teardown performance/test_jorge_platform_load_testing.py::TestPricingEndpointLoadPerformance::test_pricing_calculate_normal_load\n0.00s setup    performance/test_jorge_platform_load_testing.py::TestPricingEndpointLoadPerformance::test_pricing_calculate_normal_load\n=========================== short test summary info ============================\nFAILED tests/performance/test_jorge_platform_load_testing.py::TestPricingEndpointLoadPerformance::test_pricing_calculate_normal_load - AssertionError: P95 latency 1851.5ms exceeds target 100ms\nassert 1851.511001586914 <= 100\n================ 1 failed, 5 deselected, 12 warnings in 23.53s =================\n",
      "stderr": "/cave/Documents/GitHub/EnterpriseHub/.coverage': no such table: tracer (couldnt-parse); see https://coverage.readthedocs.io/en/7.13.2/messages.html#warning-couldnt-parse\n  coverage._warn(msg, slug=\"couldnt-parse\")\n/opt/homebrew/lib/python3.14/site-packages/coverage/report_core.py:113: CoverageWarning: Couldn't parse '/Users/cave/Documents/GitHub/EnterpriseHub/ghl_real_estate_ai/services/workflow_validator.py': Couldn't use data file '/Users/cave/Documents/GitHub/EnterpriseHub/.coverage': no such table: tracer (couldnt-parse); see https://coverage.readthedocs.io/en/7.13.2/messages.html#warning-couldnt-parse\n  coverage._warn(msg, slug=\"couldnt-parse\")\n/opt/homebrew/lib/python3.14/site-packages/coverage/report_core.py:113: CoverageWarning: Couldn't parse '/Users/cave/Documents/GitHub/EnterpriseHub/ghl_real_estate_ai/services/workflow_versions.py': Couldn't use data file '/Users/cave/Documents/GitHub/EnterpriseHub/.coverage': no such table: tracer (couldnt-parse); see https://coverage.readthedocs.io/en/7.13.2/messages.html#warning-couldnt-parse\n  coverage._warn(msg, slug=\"couldnt-parse\")\n/opt/homebrew/lib/python3.14/site-packages/coverage/report_core.py:113: CoverageWarning: Couldn't parse '/Users/cave/Documents/GitHub/EnterpriseHub/ghl_real_estate_ai/services/xgboost_propensity_engine.py': Couldn't use data file '/Users/cave/Documents/GitHub/EnterpriseHub/.coverage': no such table: tracer (couldnt-parse); see https://coverage.readthedocs.io/en/7.13.2/messages.html#warning-couldnt-parse\n  coverage._warn(msg, slug=\"couldnt-parse\")\n/opt/homebrew/lib/python3.14/site-packages/coverage/report_core.py:113: CoverageWarning: Couldn't parse '/Users/cave/Documents/GitHub/EnterpriseHub/ghl_real_estate_ai/services/zillow_defense_service.py': Couldn't use data file '/Users/cave/Documents/GitHub/EnterpriseHub/.coverage': no such table: tracer (couldnt-parse); see https://coverage.readthedocs.io/en/7.13.2/messages.html#warning-couldnt-parse\n  coverage._warn(msg, slug=\"couldnt-parse\")\n",
      "end_time": "2026-02-13T10:46:33.122618"
    },
    {
      "scenario": "peak_load",
      "users": 500,
      "duration_minutes": 10,
      "start_time": "2026-02-13T10:46:33.133908",
      "exit_code": 1,
      "passed": false,
      "stdout": "py                                         195    195     0%   15-1103\nghl_real_estate_ai/services/workflow_validator.py                                          55     55     0%   6-133\nghl_real_estate_ai/services/workflow_versions.py                                           63     63     0%   6-162\nghl_real_estate_ai/services/xgboost_propensity_engine.py                                  282    213    24%   400-405, 424-464, 478-543, 547, 562-612, 626-647, 655-708, 717-738, 746-823, 836-873, 882-885, 893-895, 898-900, 914-931, 935-943, 956-971, 978-985, 989-993, 997-1011, 1015-1029, 1041-1043\nghl_real_estate_ai/services/zillow_defense_service.py                                      32     21    34%   28-36, 44-56, 69-71\n---------------------------------------------------------------------------------------------------------------------\nTOTAL                                                                                  116395 106679     8%\nCoverage HTML written to dir tests/coverage/html\nCoverage XML written to file tests/coverage/coverage.xml\nFAIL Required test coverage of 80% not reached. Total coverage: 8.35%\n============================= slowest 10 durations =============================\n1.71s call     performance/test_jorge_platform_load_testing.py::TestPricingEndpointLoadPerformance::test_pricing_calculate_peak_load\n0.00s setup    performance/test_jorge_platform_load_testing.py::TestPricingEndpointLoadPerformance::test_pricing_calculate_peak_load\n0.00s teardown performance/test_jorge_platform_load_testing.py::TestPricingEndpointLoadPerformance::test_pricing_calculate_peak_load\n=========================== short test summary info ============================\nFAILED tests/performance/test_jorge_platform_load_testing.py::TestPricingEndpointLoadPerformance::test_pricing_calculate_peak_load - AssertionError: P95 latency 1657.0ms exceeds target 200ms\nassert 1657.0038795471191 <= 200\n================ 1 failed, 5 deselected, 12 warnings in 24.52s =================\n",
      "stderr": "/opt/homebrew/lib/python3.14/site-packages/coverage/report_core.py:107: CoverageWarning: Couldn't parse Python file '/Users/cave/Documents/GitHub/EnterpriseHub/ghl_real_estate_ai/services/learning/test_behavior_tracking.py' (couldnt-parse); see https://coverage.readthedocs.io/en/7.13.2/messages.html#warning-couldnt-parse\n  coverage._warn(msg, slug=\"couldnt-parse\")\n/opt/homebrew/lib/python3.14/site-packages/coverage/report_core.py:107: CoverageWarning: Couldn't parse Python file '/Users/cave/Documents/GitHub/EnterpriseHub/ghl_real_estate_ai/services/learning/test_feature_engineering.py' (couldnt-parse); see https://coverage.readthedocs.io/en/7.13.2/messages.html#warning-couldnt-parse\n  coverage._warn(msg, slug=\"couldnt-parse\")\n/opt/homebrew/lib/python3.14/site-packages/coverage/report_core.py:107: CoverageWarning: Couldn't parse Python file '/Users/cave/Documents/GitHub/EnterpriseHub/ghl_real_estate_ai/services/repositories/test_integration.py' (couldnt-parse); see https://coverage.readthedocs.io/en/7.13.2/messages.html#warning-couldnt-parse\n  coverage._warn(msg, slug=\"couldnt-parse\")\n/opt/homebrew/lib/python3.14/site-packages/coverage/report_core.py:107: CoverageWarning: Couldn't parse Python file '/Users/cave/Documents/GitHub/EnterpriseHub/ghl_real_estate_ai/services/scoring/test_strategy_pattern.py' (couldnt-parse); see https://coverage.readthedocs.io/en/7.13.2/messages.html#warning-couldnt-parse\n  coverage._warn(msg, slug=\"couldnt-parse\")\n",
      "end_time": "2026-02-13T10:47:01.376363"
    },
    {
      "scenario": "stress_test",
      "users": 1000,
      "duration_minutes": 5,
      "start_time": "2026-02-13T10:47:01.388985",
      "exit_code": 1,
      "passed": false,
      "stdout": "emplates.py                                         195    195     0%   15-1103\nghl_real_estate_ai/services/workflow_validator.py                                          55     55     0%   6-133\nghl_real_estate_ai/services/workflow_versions.py                                           63     63     0%   6-162\nghl_real_estate_ai/services/xgboost_propensity_engine.py                                  282    213    24%   400-405, 424-464, 478-543, 547, 562-612, 626-647, 655-708, 717-738, 746-823, 836-873, 882-885, 893-895, 898-900, 914-931, 935-943, 956-971, 978-985, 989-993, 997-1011, 1015-1029, 1041-1043\nghl_real_estate_ai/services/zillow_defense_service.py                                      32     21    34%   28-36, 44-56, 69-71\n---------------------------------------------------------------------------------------------------------------------\nTOTAL                                                                                  116395 106751     8%\nCoverage HTML written to dir tests/coverage/html\nCoverage XML written to file tests/coverage/coverage.xml\nFAIL Required test coverage of 80% not reached. Total coverage: 8.29%\n============================= slowest 10 durations =============================\n3.38s call     performance/test_jorge_platform_load_testing.py::TestPricingEndpointLoadPerformance::test_pricing_calculate_stress_test\n0.00s teardown performance/test_jorge_platform_load_testing.py::TestPricingEndpointLoadPerformance::test_pricing_calculate_stress_test\n0.00s setup    performance/test_jorge_platform_load_testing.py::TestPricingEndpointLoadPerformance::test_pricing_calculate_stress_test\n=========================== short test summary info ============================\nFAILED tests/performance/test_jorge_platform_load_testing.py::TestPricingEndpointLoadPerformance::test_pricing_calculate_stress_test - AssertionError: Should handle 80%+ under extreme stress\nassert 0.0 >= 0.8\n================ 1 failed, 5 deselected, 11 warnings in 26.25s =================\n",
      "stderr": "/opt/homebrew/lib/python3.14/site-packages/coverage/report_core.py:107: CoverageWarning: Couldn't parse Python file '/Users/cave/Documents/GitHub/EnterpriseHub/ghl_real_estate_ai/services/learning/test_behavior_tracking.py' (couldnt-parse); see https://coverage.readthedocs.io/en/7.13.2/messages.html#warning-couldnt-parse\n  coverage._warn(msg, slug=\"couldnt-parse\")\n/opt/homebrew/lib/python3.14/site-packages/coverage/report_core.py:107: CoverageWarning: Couldn't parse Python file '/Users/cave/Documents/GitHub/EnterpriseHub/ghl_real_estate_ai/services/learning/test_feature_engineering.py' (couldnt-parse); see https://coverage.readthedocs.io/en/7.13.2/messages.html#warning-couldnt-parse\n  coverage._warn(msg, slug=\"couldnt-parse\")\n/opt/homebrew/lib/python3.14/site-packages/coverage/report_core.py:107: CoverageWarning: Couldn't parse Python file '/Users/cave/Documents/GitHub/EnterpriseHub/ghl_real_estate_ai/services/repositories/test_integration.py' (couldnt-parse); see https://coverage.readthedocs.io/en/7.13.2/messages.html#warning-couldnt-parse\n  coverage._warn(msg, slug=\"couldnt-parse\")\n/opt/homebrew/lib/python3.14/site-packages/coverage/report_core.py:107: CoverageWarning: Couldn't parse Python file '/Users/cave/Documents/GitHub/EnterpriseHub/ghl_real_estate_ai/services/scoring/test_strategy_pattern.py' (couldnt-parse); see https://coverage.readthedocs.io/en/7.13.2/messages.html#warning-couldnt-parse\n  coverage._warn(msg, slug=\"couldnt-parse\")\n",
      "end_time": "2026-02-13T10:47:31.485293"
    },
    {
      "scenario": "capacity_test",
      "description": "Determine maximum sustainable throughput",
      "start_time": "2026-02-13T10:47:31.496573",
      "exit_code": 1,
      "passed": false,
      "stdout": "         269    269     0%   8-747\nghl_real_estate_ai/services/workflow_templates.py                                         195    195     0%   15-1103\nghl_real_estate_ai/services/workflow_validator.py                                          55     55     0%   6-133\nghl_real_estate_ai/services/workflow_versions.py                                           63     63     0%   6-162\nghl_real_estate_ai/services/xgboost_propensity_engine.py                                  282    213    24%   400-405, 424-464, 478-543, 547, 562-612, 626-647, 655-708, 717-738, 746-823, 836-873, 882-885, 893-895, 898-900, 914-931, 935-943, 956-971, 978-985, 989-993, 997-1011, 1015-1029, 1041-1043\nghl_real_estate_ai/services/zillow_defense_service.py                                      32     21    34%   28-36, 44-56, 69-71\n---------------------------------------------------------------------------------------------------------------------\nTOTAL                                                                                  116395 106731     8%\nCoverage HTML written to dir tests/coverage/html\nCoverage XML written to file tests/coverage/coverage.xml\nFAIL Required test coverage of 80% not reached. Total coverage: 8.30%\n============================= slowest 10 durations =============================\n5.10s call     performance/test_jorge_platform_load_testing.py::TestThroughputAndCapacity::test_maximum_throughput_capacity\n0.00s teardown performance/test_jorge_platform_load_testing.py::TestThroughputAndCapacity::test_maximum_throughput_capacity\n0.00s setup    performance/test_jorge_platform_load_testing.py::TestThroughputAndCapacity::test_maximum_throughput_capacity\n=========================== short test summary info ============================\nFAILED tests/performance/test_jorge_platform_load_testing.py::TestThroughputAndCapacity::test_maximum_throughput_capacity - ValueError: max() iterable argument is empty\n================ 1 failed, 5 deselected, 10 warnings in 27.74s =================\n",
      "stderr": "/opt/homebrew/lib/python3.14/site-packages/coverage/report_core.py:107: CoverageWarning: Couldn't parse Python file '/Users/cave/Documents/GitHub/EnterpriseHub/ghl_real_estate_ai/services/learning/test_behavior_tracking.py' (couldnt-parse); see https://coverage.readthedocs.io/en/7.13.2/messages.html#warning-couldnt-parse\n  coverage._warn(msg, slug=\"couldnt-parse\")\n/opt/homebrew/lib/python3.14/site-packages/coverage/report_core.py:107: CoverageWarning: Couldn't parse Python file '/Users/cave/Documents/GitHub/EnterpriseHub/ghl_real_estate_ai/services/learning/test_feature_engineering.py' (couldnt-parse); see https://coverage.readthedocs.io/en/7.13.2/messages.html#warning-couldnt-parse\n  coverage._warn(msg, slug=\"couldnt-parse\")\n/opt/homebrew/lib/python3.14/site-packages/coverage/report_core.py:107: CoverageWarning: Couldn't parse Python file '/Users/cave/Documents/GitHub/EnterpriseHub/ghl_real_estate_ai/services/repositories/test_integration.py' (couldnt-parse); see https://coverage.readthedocs.io/en/7.13.2/messages.html#warning-couldnt-parse\n  coverage._warn(msg, slug=\"couldnt-parse\")\n/opt/homebrew/lib/python3.14/site-packages/coverage/report_core.py:107: CoverageWarning: Couldn't parse Python file '/Users/cave/Documents/GitHub/EnterpriseHub/ghl_real_estate_ai/services/scoring/test_strategy_pattern.py' (couldnt-parse); see https://coverage.readthedocs.io/en/7.13.2/messages.html#warning-couldnt-parse\n  coverage._warn(msg, slug=\"couldnt-parse\")\n",
      "end_time": "2026-02-13T10:48:03.065875"
    }
  ],
  "performance_targets": {
    "concurrent_users": "1000+",
    "response_time_p95": "<100ms",
    "throughput": "10,000+ req/min",
    "error_rate": "<0.1%",
    "recovery_time": "<30s"
  },
  "recommendations": [
    "\u274c Multiple test failures detected. Platform requires performance optimization.",
    "Peak load test failed. Optimize critical paths and consider caching strategies.",
    "Stress test failed. Consider implementing auto-scaling or increasing resource limits."
  ]
}